<?xml version="1.0" encoding="UTF-8"?>
<testng-results skipped="26" failed="10" ignored="34" total="119" passed="49">
  <reporter-output>
  </reporter-output>
  <suite name="suite 1" duration-ms="1508101" started-at="2018-09-19T09:19:06Z" finished-at="2018-09-19T09:44:14Z">
    <groups>
      <group name="Home Page">
        <method signature="FeedzaiPulseHomePageTest.Health()[pri:85, instance:com.ril.feedzai.testScript.FeedzaiPulseHomePageTest@286778]" name="Health" class="com.ril.feedzai.testScript.FeedzaiPulseHomePageTest"/>
      </group> <!-- Home Page -->
    </groups>
    <test name="Feedzai Automation1" duration-ms="1508101" started-at="2018-09-19T09:19:06Z" finished-at="2018-09-19T09:44:14Z">
      <class name="com.ril.feedzai.testScript.HoldandReleasePageTest">
        <test-method status="PASS" signature="HRTest()[pri:0, instance:com.ril.feedzai.testScript.HoldandReleasePageTest@183967b]" name="HRTest" is-config="true" duration-ms="19297" started-at="2018-09-19T09:33:32Z" finished-at="2018-09-19T09:33:52Z">
          <reporter-output>
          </reporter-output>
        </test-method> <!-- HRTest -->
        <test-method status="PASS" signature="Suspicious()[pri:51, instance:com.ril.feedzai.testScript.HoldandReleasePageTest@183967b]" name="Suspicious" duration-ms="10747" started-at="2018-09-19T09:33:52Z" description="Mark Suspicious" finished-at="2018-09-19T09:34:02Z">
          <reporter-output>
          </reporter-output>
        </test-method> <!-- Suspicious -->
        <test-method status="PASS" signature="getResult(org.testng.ITestResult)[pri:0, instance:com.ril.feedzai.testScript.HoldandReleasePageTest@183967b]" name="getResult" is-config="true" duration-ms="3" started-at="2018-09-19T09:34:02Z" finished-at="2018-09-19T09:34:02Z">
          <params>
            <param index="0">
              <value>
                <![CDATA[[TestResult name=Suspicious status=SUCCESS method=HoldandReleasePageTest.Suspicious()[pri:51, instance:com.ril.feedzai.testScript.HoldandReleasePageTest@183967b] output={null}]]]>
              </value>
            </param>
          </params>
          <reporter-output>
          </reporter-output>
        </test-method> <!-- getResult -->
        <test-method status="PASS" signature="NotFraud()[pri:52, instance:com.ril.feedzai.testScript.HoldandReleasePageTest@183967b]" name="NotFraud" duration-ms="77753" started-at="2018-09-19T09:34:02Z" description="Mark Not Fraud" finished-at="2018-09-19T09:35:20Z">
          <reporter-output>
          </reporter-output>
        </test-method> <!-- NotFraud -->
        <test-method status="PASS" signature="getResult(org.testng.ITestResult)[pri:0, instance:com.ril.feedzai.testScript.HoldandReleasePageTest@183967b]" name="getResult" is-config="true" duration-ms="5" started-at="2018-09-19T09:35:20Z" finished-at="2018-09-19T09:35:20Z">
          <params>
            <param index="0">
              <value>
                <![CDATA[[TestResult name=NotFraud status=SUCCESS method=HoldandReleasePageTest.NotFraud()[pri:52, instance:com.ril.feedzai.testScript.HoldandReleasePageTest@183967b] output={null}]]]>
              </value>
            </param>
          </params>
          <reporter-output>
          </reporter-output>
        </test-method> <!-- getResult -->
        <test-method status="PASS" signature="Alert()[pri:0, instance:com.ril.feedzai.testScript.HoldandReleasePageTest@183967b]" name="Alert" is-config="true" duration-ms="250" started-at="2018-09-19T09:35:20Z" finished-at="2018-09-19T09:35:20Z">
          <reporter-output>
          </reporter-output>
        </test-method> <!-- Alert -->
      </class> <!-- com.ril.feedzai.testScript.HoldandReleasePageTest -->
      <class name="com.ril.feedzai.testScript.LMW_TranDetailsPageTest">
        <test-method status="PASS" signature="LMW()[pri:0, instance:com.ril.feedzai.testScript.LMW_TranDetailsPageTest@398b7c]" name="LMW" is-config="true" duration-ms="109" started-at="2018-09-19T09:39:02Z" finished-at="2018-09-19T09:39:02Z">
          <reporter-output>
          </reporter-output>
        </test-method> <!-- LMW -->
        <test-method status="PASS" signature="LMW_TranData()[pri:63, instance:com.ril.feedzai.testScript.LMW_TranDetailsPageTest@398b7c]" name="LMW_TranData" duration-ms="15207" started-at="2018-09-19T09:39:02Z" description="Validate LMW transaction details in Alert Manager" finished-at="2018-09-19T09:39:18Z">
          <reporter-output>
          </reporter-output>
        </test-method> <!-- LMW_TranData -->
        <test-method status="PASS" signature="getResult(org.testng.ITestResult)[pri:0, instance:com.ril.feedzai.testScript.LMW_TranDetailsPageTest@398b7c]" name="getResult" is-config="true" duration-ms="3" started-at="2018-09-19T09:39:18Z" finished-at="2018-09-19T09:39:18Z">
          <params>
            <param index="0">
              <value>
                <![CDATA[[TestResult name=LMW_TranData status=SUCCESS method=LMW_TranDetailsPageTest.LMW_TranData()[pri:63, instance:com.ril.feedzai.testScript.LMW_TranDetailsPageTest@398b7c] output={null}]]]>
              </value>
            </param>
          </params>
          <reporter-output>
          </reporter-output>
        </test-method> <!-- getResult -->
        <test-method status="SKIP" signature="LMW_Instrument_details()[pri:64, instance:com.ril.feedzai.testScript.LMW_TranDetailsPageTest@398b7c]" name="LMW_Instrument_details" duration-ms="884" started-at="2018-09-19T09:39:18Z" description="Validate card details in LMW transaction " finished-at="2018-09-19T09:39:19Z">
          <exception class="java.lang.AssertionError">
            <message>
              <![CDATA[Card details not found in instrument details section for IBW transaction]]>
            </message>
            <full-stacktrace>
              <![CDATA[java.lang.AssertionError: Card details not found in instrument details section for IBW transaction
at org.testng.Assert.fail(Assert.java:96)
at com.ril.feedzai.testScript.LMW_TranDetailsPageTest.LMW_Instrument_details(LMW_TranDetailsPageTest.java:41)
at sun.reflect.NativeMethodAccessorImpl.invoke0(Native Method)
at sun.reflect.NativeMethodAccessorImpl.invoke(NativeMethodAccessorImpl.java:62)
at sun.reflect.DelegatingMethodAccessorImpl.invoke(DelegatingMethodAccessorImpl.java:43)
at java.lang.reflect.Method.invoke(Method.java:497)
at org.testng.internal.MethodInvocationHelper.invokeMethod(MethodInvocationHelper.java:124)
at org.testng.internal.Invoker.invokeMethod(Invoker.java:580)
at org.testng.internal.Invoker.invokeTestMethod(Invoker.java:716)
at org.testng.internal.Invoker.invokeTestMethods(Invoker.java:988)
at org.testng.internal.TestMethodWorker.invokeTestMethods(TestMethodWorker.java:125)
at org.testng.internal.TestMethodWorker.run(TestMethodWorker.java:109)
at org.testng.TestRunner.privateRun(TestRunner.java:648)
at org.testng.TestRunner.run(TestRunner.java:505)
at org.testng.SuiteRunner.runTest(SuiteRunner.java:455)
at org.testng.SuiteRunner.runSequentially(SuiteRunner.java:450)
at org.testng.SuiteRunner.privateRun(SuiteRunner.java:415)
at org.testng.SuiteRunner.run(SuiteRunner.java:364)
at org.testng.SuiteRunnerWorker.runSuite(SuiteRunnerWorker.java:52)
at org.testng.SuiteRunnerWorker.run(SuiteRunnerWorker.java:84)
at org.testng.TestNG.runSuitesSequentially(TestNG.java:1208)
at org.testng.TestNG.runSuitesLocally(TestNG.java:1137)
at org.testng.TestNG.runSuites(TestNG.java:1049)
at org.testng.TestNG.run(TestNG.java:1017)
at org.apache.maven.surefire.testng.TestNGExecutor.run(TestNGExecutor.java:283)
at org.apache.maven.surefire.testng.TestNGXmlTestSuite.execute(TestNGXmlTestSuite.java:75)
at org.apache.maven.surefire.testng.TestNGProvider.invoke(TestNGProvider.java:120)
at org.apache.maven.surefire.booter.ForkedBooter.invokeProviderInSameClassLoader(ForkedBooter.java:379)
at org.apache.maven.surefire.booter.ForkedBooter.runSuitesInProcess(ForkedBooter.java:340)
at org.apache.maven.surefire.booter.ForkedBooter.execute(ForkedBooter.java:125)
at org.apache.maven.surefire.booter.ForkedBooter.main(ForkedBooter.java:413)
]]>
            </full-stacktrace>
          </exception> <!-- java.lang.AssertionError -->
          <reporter-output>
          </reporter-output>
        </test-method> <!-- LMW_Instrument_details -->
        <test-method status="PASS" signature="getResult(org.testng.ITestResult)[pri:0, instance:com.ril.feedzai.testScript.LMW_TranDetailsPageTest@398b7c]" name="getResult" is-config="true" duration-ms="3" started-at="2018-09-19T09:39:19Z" finished-at="2018-09-19T09:39:19Z">
          <params>
            <param index="0">
              <value>
                <![CDATA[[TestResult name=LMW_Instrument_details status=SKIP method=LMW_TranDetailsPageTest.LMW_Instrument_details()[pri:64, instance:com.ril.feedzai.testScript.LMW_TranDetailsPageTest@398b7c] output={null}]]]>
              </value>
            </param>
          </params>
          <reporter-output>
          </reporter-output>
        </test-method> <!-- getResult -->
        <test-method status="SKIP" signature="LMW_Instrument_details()[pri:64, instance:com.ril.feedzai.testScript.LMW_TranDetailsPageTest@398b7c]" name="LMW_Instrument_details" duration-ms="785" started-at="2018-09-19T09:39:19Z" description="Validate card details in LMW transaction " finished-at="2018-09-19T09:39:19Z">
          <exception class="java.lang.AssertionError">
            <message>
              <![CDATA[Card details not found in instrument details section for IBW transaction]]>
            </message>
            <full-stacktrace>
              <![CDATA[java.lang.AssertionError: Card details not found in instrument details section for IBW transaction
at org.testng.Assert.fail(Assert.java:96)
at com.ril.feedzai.testScript.LMW_TranDetailsPageTest.LMW_Instrument_details(LMW_TranDetailsPageTest.java:41)
at sun.reflect.NativeMethodAccessorImpl.invoke0(Native Method)
at sun.reflect.NativeMethodAccessorImpl.invoke(NativeMethodAccessorImpl.java:62)
at sun.reflect.DelegatingMethodAccessorImpl.invoke(DelegatingMethodAccessorImpl.java:43)
at java.lang.reflect.Method.invoke(Method.java:497)
at org.testng.internal.MethodInvocationHelper.invokeMethod(MethodInvocationHelper.java:124)
at org.testng.internal.Invoker.invokeMethod(Invoker.java:580)
at org.testng.internal.Invoker.retryFailed(Invoker.java:838)
at org.testng.internal.Invoker.invokeTestMethods(Invoker.java:1009)
at org.testng.internal.TestMethodWorker.invokeTestMethods(TestMethodWorker.java:125)
at org.testng.internal.TestMethodWorker.run(TestMethodWorker.java:109)
at org.testng.TestRunner.privateRun(TestRunner.java:648)
at org.testng.TestRunner.run(TestRunner.java:505)
at org.testng.SuiteRunner.runTest(SuiteRunner.java:455)
at org.testng.SuiteRunner.runSequentially(SuiteRunner.java:450)
at org.testng.SuiteRunner.privateRun(SuiteRunner.java:415)
at org.testng.SuiteRunner.run(SuiteRunner.java:364)
at org.testng.SuiteRunnerWorker.runSuite(SuiteRunnerWorker.java:52)
at org.testng.SuiteRunnerWorker.run(SuiteRunnerWorker.java:84)
at org.testng.TestNG.runSuitesSequentially(TestNG.java:1208)
at org.testng.TestNG.runSuitesLocally(TestNG.java:1137)
at org.testng.TestNG.runSuites(TestNG.java:1049)
at org.testng.TestNG.run(TestNG.java:1017)
at org.apache.maven.surefire.testng.TestNGExecutor.run(TestNGExecutor.java:283)
at org.apache.maven.surefire.testng.TestNGXmlTestSuite.execute(TestNGXmlTestSuite.java:75)
at org.apache.maven.surefire.testng.TestNGProvider.invoke(TestNGProvider.java:120)
at org.apache.maven.surefire.booter.ForkedBooter.invokeProviderInSameClassLoader(ForkedBooter.java:379)
at org.apache.maven.surefire.booter.ForkedBooter.runSuitesInProcess(ForkedBooter.java:340)
at org.apache.maven.surefire.booter.ForkedBooter.execute(ForkedBooter.java:125)
at org.apache.maven.surefire.booter.ForkedBooter.main(ForkedBooter.java:413)
]]>
            </full-stacktrace>
          </exception> <!-- java.lang.AssertionError -->
          <reporter-output>
          </reporter-output>
        </test-method> <!-- LMW_Instrument_details -->
        <test-method status="PASS" signature="getResult(org.testng.ITestResult)[pri:0, instance:com.ril.feedzai.testScript.LMW_TranDetailsPageTest@398b7c]" name="getResult" is-config="true" duration-ms="3" started-at="2018-09-19T09:39:19Z" finished-at="2018-09-19T09:39:19Z">
          <params>
            <param index="0">
              <value>
                <![CDATA[[TestResult name=LMW_Instrument_details status=SKIP method=LMW_TranDetailsPageTest.LMW_Instrument_details()[pri:64, instance:com.ril.feedzai.testScript.LMW_TranDetailsPageTest@398b7c] output={null}]]]>
              </value>
            </param>
          </params>
          <reporter-output>
          </reporter-output>
        </test-method> <!-- getResult -->
        <test-method status="FAIL" signature="LMW_Instrument_details()[pri:64, instance:com.ril.feedzai.testScript.LMW_TranDetailsPageTest@398b7c]" name="LMW_Instrument_details" duration-ms="160" started-at="2018-09-19T09:39:19Z" description="Validate card details in LMW transaction " finished-at="2018-09-19T09:39:19Z">
          <exception class="java.lang.AssertionError">
            <message>
              <![CDATA[Card details not found in instrument details section for IBW transaction]]>
            </message>
            <full-stacktrace>
              <![CDATA[java.lang.AssertionError: Card details not found in instrument details section for IBW transaction
at org.testng.Assert.fail(Assert.java:96)
at com.ril.feedzai.testScript.LMW_TranDetailsPageTest.LMW_Instrument_details(LMW_TranDetailsPageTest.java:41)
at sun.reflect.NativeMethodAccessorImpl.invoke0(Native Method)
at sun.reflect.NativeMethodAccessorImpl.invoke(NativeMethodAccessorImpl.java:62)
at sun.reflect.DelegatingMethodAccessorImpl.invoke(DelegatingMethodAccessorImpl.java:43)
at java.lang.reflect.Method.invoke(Method.java:497)
at org.testng.internal.MethodInvocationHelper.invokeMethod(MethodInvocationHelper.java:124)
at org.testng.internal.Invoker.invokeMethod(Invoker.java:580)
at org.testng.internal.Invoker.retryFailed(Invoker.java:838)
at org.testng.internal.Invoker.invokeTestMethods(Invoker.java:1009)
at org.testng.internal.TestMethodWorker.invokeTestMethods(TestMethodWorker.java:125)
at org.testng.internal.TestMethodWorker.run(TestMethodWorker.java:109)
at org.testng.TestRunner.privateRun(TestRunner.java:648)
at org.testng.TestRunner.run(TestRunner.java:505)
at org.testng.SuiteRunner.runTest(SuiteRunner.java:455)
at org.testng.SuiteRunner.runSequentially(SuiteRunner.java:450)
at org.testng.SuiteRunner.privateRun(SuiteRunner.java:415)
at org.testng.SuiteRunner.run(SuiteRunner.java:364)
at org.testng.SuiteRunnerWorker.runSuite(SuiteRunnerWorker.java:52)
at org.testng.SuiteRunnerWorker.run(SuiteRunnerWorker.java:84)
at org.testng.TestNG.runSuitesSequentially(TestNG.java:1208)
at org.testng.TestNG.runSuitesLocally(TestNG.java:1137)
at org.testng.TestNG.runSuites(TestNG.java:1049)
at org.testng.TestNG.run(TestNG.java:1017)
at org.apache.maven.surefire.testng.TestNGExecutor.run(TestNGExecutor.java:283)
at org.apache.maven.surefire.testng.TestNGXmlTestSuite.execute(TestNGXmlTestSuite.java:75)
at org.apache.maven.surefire.testng.TestNGProvider.invoke(TestNGProvider.java:120)
at org.apache.maven.surefire.booter.ForkedBooter.invokeProviderInSameClassLoader(ForkedBooter.java:379)
at org.apache.maven.surefire.booter.ForkedBooter.runSuitesInProcess(ForkedBooter.java:340)
at org.apache.maven.surefire.booter.ForkedBooter.execute(ForkedBooter.java:125)
at org.apache.maven.surefire.booter.ForkedBooter.main(ForkedBooter.java:413)
]]>
            </full-stacktrace>
          </exception> <!-- java.lang.AssertionError -->
          <reporter-output>
          </reporter-output>
        </test-method> <!-- LMW_Instrument_details -->
        <test-method status="PASS" signature="getResult(org.testng.ITestResult)[pri:0, instance:com.ril.feedzai.testScript.LMW_TranDetailsPageTest@398b7c]" name="getResult" is-config="true" duration-ms="573" started-at="2018-09-19T09:39:19Z" finished-at="2018-09-19T09:39:20Z">
          <params>
            <param index="0">
              <value>
                <![CDATA[[TestResult name=LMW_Instrument_details status=FAILURE method=LMW_TranDetailsPageTest.LMW_Instrument_details()[pri:64, instance:com.ril.feedzai.testScript.LMW_TranDetailsPageTest@398b7c] output={null}]]]>
              </value>
            </param>
          </params>
          <reporter-output>
          </reporter-output>
        </test-method> <!-- getResult -->
        <test-method status="PASS" signature="LMW_CustomerMob()[pri:65, instance:com.ril.feedzai.testScript.LMW_TranDetailsPageTest@398b7c]" name="LMW_CustomerMob" duration-ms="140" started-at="2018-09-19T09:39:20Z" description="Validate customer app id in LMW transaction" finished-at="2018-09-19T09:39:20Z">
          <reporter-output>
          </reporter-output>
        </test-method> <!-- LMW_CustomerMob -->
        <test-method status="PASS" signature="LMW_transaction_details()[pri:66, instance:com.ril.feedzai.testScript.LMW_TranDetailsPageTest@398b7c]" name="LMW_transaction_details" duration-ms="127" started-at="2018-09-19T09:39:20Z" description="Validate Source Institution ID in LMW transaction" finished-at="2018-09-19T09:39:20Z">
          <reporter-output>
          </reporter-output>
        </test-method> <!-- LMW_transaction_details -->
        <test-method status="PASS" signature="getResult(org.testng.ITestResult)[pri:0, instance:com.ril.feedzai.testScript.LMW_TranDetailsPageTest@398b7c]" name="getResult" is-config="true" duration-ms="0" started-at="2018-09-19T09:39:20Z" finished-at="2018-09-19T09:39:20Z">
          <params>
            <param index="0">
              <value>
                <![CDATA[[TestResult name=LMW_CustomerMob status=SUCCESS method=LMW_TranDetailsPageTest.LMW_CustomerMob()[pri:65, instance:com.ril.feedzai.testScript.LMW_TranDetailsPageTest@398b7c] output={null}]]]>
              </value>
            </param>
          </params>
          <reporter-output>
          </reporter-output>
        </test-method> <!-- getResult -->
        <test-method status="PASS" signature="getResult(org.testng.ITestResult)[pri:0, instance:com.ril.feedzai.testScript.LMW_TranDetailsPageTest@398b7c]" name="getResult" is-config="true" duration-ms="3" started-at="2018-09-19T09:39:20Z" finished-at="2018-09-19T09:39:20Z">
          <params>
            <param index="0">
              <value>
                <![CDATA[[TestResult name=LMW_transaction_details status=SUCCESS method=LMW_TranDetailsPageTest.LMW_transaction_details()[pri:66, instance:com.ril.feedzai.testScript.LMW_TranDetailsPageTest@398b7c] output={null}]]]>
              </value>
            </param>
          </params>
          <reporter-output>
          </reporter-output>
        </test-method> <!-- getResult -->
        <test-method status="PASS" signature="Alertp()[pri:0, instance:com.ril.feedzai.testScript.LMW_TranDetailsPageTest@398b7c]" name="Alertp" is-config="true" duration-ms="608" started-at="2018-09-19T09:39:20Z" finished-at="2018-09-19T09:39:21Z">
          <reporter-output>
          </reporter-output>
        </test-method> <!-- Alertp -->
      </class> <!-- com.ril.feedzai.testScript.LMW_TranDetailsPageTest -->
      <class name="com.ril.feedzai.testScript.CustomerPageTest">
        <test-method status="PASS" signature="Custsearch()[pri:0, instance:com.ril.feedzai.testScript.CustomerPageTest@480dd7]" name="Custsearch" is-config="true" duration-ms="4137" started-at="2018-09-19T09:21:25Z" finished-at="2018-09-19T09:21:29Z">
          <reporter-output>
          </reporter-output>
        </test-method> <!-- Custsearch -->
        <test-method status="PASS" signature="CustMobSearch()[pri:22, instance:com.ril.feedzai.testScript.CustomerPageTest@480dd7]" name="CustMobSearch" duration-ms="7440" started-at="2018-09-19T09:21:29Z" description="Customer Search through mobile number" finished-at="2018-09-19T09:21:37Z">
          <reporter-output>
          </reporter-output>
        </test-method> <!-- CustMobSearch -->
        <test-method status="PASS" signature="getResult(org.testng.ITestResult)[pri:0, instance:com.ril.feedzai.testScript.CustomerPageTest@480dd7]" name="getResult" is-config="true" duration-ms="0" started-at="2018-09-19T09:21:37Z" finished-at="2018-09-19T09:21:37Z">
          <params>
            <param index="0">
              <value>
                <![CDATA[[TestResult name=CustMobSearch status=SUCCESS method=CustomerPageTest.CustMobSearch()[pri:22, instance:com.ril.feedzai.testScript.CustomerPageTest@480dd7] output={null}]]]>
              </value>
            </param>
          </params>
          <reporter-output>
          </reporter-output>
        </test-method> <!-- getResult -->
        <test-method status="PASS" signature="custIdSearch()[pri:23, instance:com.ril.feedzai.testScript.CustomerPageTest@480dd7]" name="custIdSearch" duration-ms="16736" started-at="2018-09-19T09:21:37Z" description="Customer Search through ID" finished-at="2018-09-19T09:21:54Z">
          <reporter-output>
          </reporter-output>
        </test-method> <!-- custIdSearch -->
        <test-method status="PASS" signature="getResult(org.testng.ITestResult)[pri:0, instance:com.ril.feedzai.testScript.CustomerPageTest@480dd7]" name="getResult" is-config="true" duration-ms="0" started-at="2018-09-19T09:21:54Z" finished-at="2018-09-19T09:21:54Z">
          <params>
            <param index="0">
              <value>
                <![CDATA[[TestResult name=custIdSearch status=SUCCESS method=CustomerPageTest.custIdSearch()[pri:23, instance:com.ril.feedzai.testScript.CustomerPageTest@480dd7] output={null}]]]>
              </value>
            </param>
          </params>
          <reporter-output>
          </reporter-output>
        </test-method> <!-- getResult -->
        <test-method status="PASS" signature="CustDetailInfo()[pri:24, instance:com.ril.feedzai.testScript.CustomerPageTest@480dd7]" name="CustDetailInfo" duration-ms="18613" started-at="2018-09-19T09:21:54Z" description="Customer Detail Verification" finished-at="2018-09-19T09:22:12Z">
          <reporter-output>
          </reporter-output>
        </test-method> <!-- CustDetailInfo -->
        <test-method status="PASS" signature="getResult(org.testng.ITestResult)[pri:0, instance:com.ril.feedzai.testScript.CustomerPageTest@480dd7]" name="getResult" is-config="true" duration-ms="3" started-at="2018-09-19T09:22:12Z" finished-at="2018-09-19T09:22:12Z">
          <params>
            <param index="0">
              <value>
                <![CDATA[[TestResult name=CustDetailInfo status=SUCCESS method=CustomerPageTest.CustDetailInfo()[pri:24, instance:com.ril.feedzai.testScript.CustomerPageTest@480dd7] output={null}]]]>
              </value>
            </param>
          </params>
          <reporter-output>
          </reporter-output>
        </test-method> <!-- getResult -->
        <test-method status="PASS" signature="Alert()[pri:0, instance:com.ril.feedzai.testScript.CustomerPageTest@480dd7]" name="Alert" is-config="true" duration-ms="81" started-at="2018-09-19T09:22:12Z" finished-at="2018-09-19T09:22:12Z">
          <reporter-output>
          </reporter-output>
        </test-method> <!-- Alert -->
      </class> <!-- com.ril.feedzai.testScript.CustomerPageTest -->
      <class name="com.ril.feedzai.testScript.MPP_TranDetailsPageTest">
        <test-method status="PASS" signature="MPP()[pri:0, instance:com.ril.feedzai.testScript.MPP_TranDetailsPageTest@1c6f14e]" name="MPP" is-config="true" duration-ms="18" started-at="2018-09-19T09:39:21Z" finished-at="2018-09-19T09:39:21Z">
          <reporter-output>
          </reporter-output>
        </test-method> <!-- MPP -->
        <test-method status="PASS" signature="MPP_Tran()[pri:67, instance:com.ril.feedzai.testScript.MPP_TranDetailsPageTest@1c6f14e]" name="MPP_Tran" duration-ms="21780" started-at="2018-09-19T09:39:21Z" description="Validate MPP transaction details in Alert Manager" finished-at="2018-09-19T09:39:43Z">
          <reporter-output>
          </reporter-output>
        </test-method> <!-- MPP_Tran -->
        <test-method status="PASS" signature="getResult(org.testng.ITestResult)[pri:0, instance:com.ril.feedzai.testScript.MPP_TranDetailsPageTest@1c6f14e]" name="getResult" is-config="true" duration-ms="5" started-at="2018-09-19T09:39:43Z" finished-at="2018-09-19T09:39:43Z">
          <params>
            <param index="0">
              <value>
                <![CDATA[[TestResult name=MPP_Tran status=SUCCESS method=MPP_TranDetailsPageTest.MPP_Tran()[pri:67, instance:com.ril.feedzai.testScript.MPP_TranDetailsPageTest@1c6f14e] output={null}]]]>
              </value>
            </param>
          </params>
          <reporter-output>
          </reporter-output>
        </test-method> <!-- getResult -->
        <test-method status="PASS" signature="Customer_dt()[pri:68, instance:com.ril.feedzai.testScript.MPP_TranDetailsPageTest@1c6f14e]" name="Customer_dt" duration-ms="5542" started-at="2018-09-19T09:39:43Z" description="Validate Merchant terminal id &amp; device id in MPP transaction" finished-at="2018-09-19T09:39:48Z">
          <reporter-output>
          </reporter-output>
        </test-method> <!-- Customer_dt -->
        <test-method status="PASS" signature="getResult(org.testng.ITestResult)[pri:0, instance:com.ril.feedzai.testScript.MPP_TranDetailsPageTest@1c6f14e]" name="getResult" is-config="true" duration-ms="5" started-at="2018-09-19T09:39:48Z" finished-at="2018-09-19T09:39:48Z">
          <params>
            <param index="0">
              <value>
                <![CDATA[[TestResult name=Customer_dt status=SUCCESS method=MPP_TranDetailsPageTest.Customer_dt()[pri:68, instance:com.ril.feedzai.testScript.MPP_TranDetailsPageTest@1c6f14e] output={null}]]]>
              </value>
            </param>
          </params>
          <reporter-output>
          </reporter-output>
        </test-method> <!-- getResult -->
        <test-method status="PASS" signature="Card_dt()[pri:69, instance:com.ril.feedzai.testScript.MPP_TranDetailsPageTest@1c6f14e]" name="Card_dt" duration-ms="2406" started-at="2018-09-19T09:39:48Z" description="Validate customer card details in MPP transaction " finished-at="2018-09-19T09:39:51Z">
          <reporter-output>
          </reporter-output>
        </test-method> <!-- Card_dt -->
        <test-method status="PASS" signature="transaction_dt()[pri:70, instance:com.ril.feedzai.testScript.MPP_TranDetailsPageTest@1c6f14e]" name="transaction_dt" duration-ms="2629" started-at="2018-09-19T09:39:51Z" description="Validate SID in MPP transaction " finished-at="2018-09-19T09:39:53Z">
          <reporter-output>
          </reporter-output>
        </test-method> <!-- transaction_dt -->
        <test-method status="PASS" signature="getResult(org.testng.ITestResult)[pri:0, instance:com.ril.feedzai.testScript.MPP_TranDetailsPageTest@1c6f14e]" name="getResult" is-config="true" duration-ms="0" started-at="2018-09-19T09:39:51Z" finished-at="2018-09-19T09:39:51Z">
          <params>
            <param index="0">
              <value>
                <![CDATA[[TestResult name=Card_dt status=SUCCESS method=MPP_TranDetailsPageTest.Card_dt()[pri:69, instance:com.ril.feedzai.testScript.MPP_TranDetailsPageTest@1c6f14e] output={null}]]]>
              </value>
            </param>
          </params>
          <reporter-output>
          </reporter-output>
        </test-method> <!-- getResult -->
        <test-method status="PASS" signature="Alertp()[pri:0, instance:com.ril.feedzai.testScript.MPP_TranDetailsPageTest@1c6f14e]" name="Alertp" is-config="true" duration-ms="166" started-at="2018-09-19T09:39:53Z" finished-at="2018-09-19T09:39:53Z">
          <reporter-output>
          </reporter-output>
        </test-method> <!-- Alertp -->
        <test-method status="PASS" signature="getResult(org.testng.ITestResult)[pri:0, instance:com.ril.feedzai.testScript.MPP_TranDetailsPageTest@1c6f14e]" name="getResult" is-config="true" duration-ms="0" started-at="2018-09-19T09:39:53Z" finished-at="2018-09-19T09:39:53Z">
          <params>
            <param index="0">
              <value>
                <![CDATA[[TestResult name=transaction_dt status=SUCCESS method=MPP_TranDetailsPageTest.transaction_dt()[pri:70, instance:com.ril.feedzai.testScript.MPP_TranDetailsPageTest@1c6f14e] output={null}]]]>
              </value>
            </param>
          </params>
          <reporter-output>
          </reporter-output>
        </test-method> <!-- getResult -->
      </class> <!-- com.ril.feedzai.testScript.MPP_TranDetailsPageTest -->
      <class name="com.ril.feedzai.testScript.AMSearchPageTest">
        <test-method status="PASS" signature="Search()[pri:0, instance:com.ril.feedzai.testScript.AMSearchPageTest@1e3c938]" name="Search" is-config="true" duration-ms="47" started-at="2018-09-19T09:24:05Z" finished-at="2018-09-19T09:24:05Z">
          <reporter-output>
          </reporter-output>
        </test-method> <!-- Search -->
        <test-method status="PASS" signature="SearchTab()[pri:0, instance:com.ril.feedzai.testScript.AMSearchPageTest@1e3c938]" name="SearchTab" is-config="true" duration-ms="16693" started-at="2018-09-19T09:24:05Z" finished-at="2018-09-19T09:24:22Z">
          <reporter-output>
          </reporter-output>
        </test-method> <!-- SearchTab -->
        <test-method status="PASS" signature="CustSearch()[pri:36, instance:com.ril.feedzai.testScript.AMSearchPageTest@1e3c938]" name="CustSearch" duration-ms="39995" started-at="2018-09-19T09:24:22Z" description="Customer ID Verification" finished-at="2018-09-19T09:25:02Z">
          <reporter-output>
          </reporter-output>
        </test-method> <!-- CustSearch -->
        <test-method status="PASS" signature="getResult(org.testng.ITestResult)[pri:0, instance:com.ril.feedzai.testScript.AMSearchPageTest@1e3c938]" name="getResult" is-config="true" duration-ms="5" started-at="2018-09-19T09:25:02Z" finished-at="2018-09-19T09:25:02Z">
          <params>
            <param index="0">
              <value>
                <![CDATA[[TestResult name=CustSearch status=SUCCESS method=AMSearchPageTest.CustSearch()[pri:36, instance:com.ril.feedzai.testScript.AMSearchPageTest@1e3c938] output={null}]]]>
              </value>
            </param>
          </params>
          <reporter-output>
          </reporter-output>
        </test-method> <!-- getResult -->
        <test-method status="PASS" signature="SearchTab()[pri:0, instance:com.ril.feedzai.testScript.AMSearchPageTest@1e3c938]" name="SearchTab" is-config="true" duration-ms="30881" started-at="2018-09-19T09:25:02Z" finished-at="2018-09-19T09:25:33Z">
          <reporter-output>
          </reporter-output>
        </test-method> <!-- SearchTab -->
        <test-method status="PASS" signature="MerSearch()[pri:37, instance:com.ril.feedzai.testScript.AMSearchPageTest@1e3c938]" name="MerSearch" duration-ms="41954" started-at="2018-09-19T09:25:33Z" description="Merchant ID Verification" finished-at="2018-09-19T09:26:15Z">
          <reporter-output>
          </reporter-output>
        </test-method> <!-- MerSearch -->
        <test-method status="PASS" signature="getResult(org.testng.ITestResult)[pri:0, instance:com.ril.feedzai.testScript.AMSearchPageTest@1e3c938]" name="getResult" is-config="true" duration-ms="2" started-at="2018-09-19T09:26:15Z" finished-at="2018-09-19T09:26:15Z">
          <params>
            <param index="0">
              <value>
                <![CDATA[[TestResult name=MerSearch status=SUCCESS method=AMSearchPageTest.MerSearch()[pri:37, instance:com.ril.feedzai.testScript.AMSearchPageTest@1e3c938] output={null}]]]>
              </value>
            </param>
          </params>
          <reporter-output>
          </reporter-output>
        </test-method> <!-- getResult -->
        <test-method status="PASS" signature="SearchTab()[pri:0, instance:com.ril.feedzai.testScript.AMSearchPageTest@1e3c938]" name="SearchTab" is-config="true" duration-ms="17056" started-at="2018-09-19T09:26:15Z" finished-at="2018-09-19T09:26:32Z">
          <reporter-output>
          </reporter-output>
        </test-method> <!-- SearchTab -->
        <test-method status="PASS" signature="ChannelSearch()[pri:38, instance:com.ril.feedzai.testScript.AMSearchPageTest@1e3c938]" name="ChannelSearch" duration-ms="21693" started-at="2018-09-19T09:26:32Z" description="Channel Search Verification" finished-at="2018-09-19T09:26:53Z">
          <reporter-output>
          </reporter-output>
        </test-method> <!-- ChannelSearch -->
        <test-method status="PASS" signature="getResult(org.testng.ITestResult)[pri:0, instance:com.ril.feedzai.testScript.AMSearchPageTest@1e3c938]" name="getResult" is-config="true" duration-ms="0" started-at="2018-09-19T09:26:53Z" finished-at="2018-09-19T09:26:53Z">
          <params>
            <param index="0">
              <value>
                <![CDATA[[TestResult name=ChannelSearch status=SUCCESS method=AMSearchPageTest.ChannelSearch()[pri:38, instance:com.ril.feedzai.testScript.AMSearchPageTest@1e3c938] output={null}]]]>
              </value>
            </param>
          </params>
          <reporter-output>
          </reporter-output>
        </test-method> <!-- getResult -->
        <test-method status="PASS" signature="SearchTab()[pri:0, instance:com.ril.feedzai.testScript.AMSearchPageTest@1e3c938]" name="SearchTab" is-config="true" duration-ms="15732" started-at="2018-09-19T09:26:53Z" finished-at="2018-09-19T09:27:09Z">
          <reporter-output>
          </reporter-output>
        </test-method> <!-- SearchTab -->
        <test-method status="PASS" signature="AgentIDSearch()[pri:39, instance:com.ril.feedzai.testScript.AMSearchPageTest@1e3c938]" name="AgentIDSearch" duration-ms="32308" started-at="2018-09-19T09:27:09Z" description="Agent ID Verification" finished-at="2018-09-19T09:27:41Z">
          <reporter-output>
          </reporter-output>
        </test-method> <!-- AgentIDSearch -->
        <test-method status="PASS" signature="getResult(org.testng.ITestResult)[pri:0, instance:com.ril.feedzai.testScript.AMSearchPageTest@1e3c938]" name="getResult" is-config="true" duration-ms="0" started-at="2018-09-19T09:27:41Z" finished-at="2018-09-19T09:27:41Z">
          <params>
            <param index="0">
              <value>
                <![CDATA[[TestResult name=AgentIDSearch status=SUCCESS method=AMSearchPageTest.AgentIDSearch()[pri:39, instance:com.ril.feedzai.testScript.AMSearchPageTest@1e3c938] output={null}]]]>
              </value>
            </param>
          </params>
          <reporter-output>
          </reporter-output>
        </test-method> <!-- getResult -->
        <test-method status="PASS" signature="SearchTab()[pri:0, instance:com.ril.feedzai.testScript.AMSearchPageTest@1e3c938]" name="SearchTab" is-config="true" duration-ms="16162" started-at="2018-09-19T09:27:41Z" finished-at="2018-09-19T09:27:57Z">
          <reporter-output>
          </reporter-output>
        </test-method> <!-- SearchTab -->
        <test-method status="PASS" signature="CusNumSearch()[pri:40, instance:com.ril.feedzai.testScript.AMSearchPageTest@1e3c938]" name="CusNumSearch" duration-ms="21001" started-at="2018-09-19T09:27:57Z" description="Customer Number Verification" finished-at="2018-09-19T09:28:18Z">
          <reporter-output>
          </reporter-output>
        </test-method> <!-- CusNumSearch -->
        <test-method status="PASS" signature="getResult(org.testng.ITestResult)[pri:0, instance:com.ril.feedzai.testScript.AMSearchPageTest@1e3c938]" name="getResult" is-config="true" duration-ms="0" started-at="2018-09-19T09:28:18Z" finished-at="2018-09-19T09:28:18Z">
          <params>
            <param index="0">
              <value>
                <![CDATA[[TestResult name=CusNumSearch status=SUCCESS method=AMSearchPageTest.CusNumSearch()[pri:40, instance:com.ril.feedzai.testScript.AMSearchPageTest@1e3c938] output={null}]]]>
              </value>
            </param>
          </params>
          <reporter-output>
          </reporter-output>
        </test-method> <!-- getResult -->
        <test-method status="PASS" signature="SearchTab()[pri:0, instance:com.ril.feedzai.testScript.AMSearchPageTest@1e3c938]" name="SearchTab" is-config="true" duration-ms="16071" started-at="2018-09-19T09:28:18Z" finished-at="2018-09-19T09:28:35Z">
          <reporter-output>
          </reporter-output>
        </test-method> <!-- SearchTab -->
        <test-method status="PASS" signature="MerNumSearch()[pri:41, instance:com.ril.feedzai.testScript.AMSearchPageTest@1e3c938]" name="MerNumSearch" duration-ms="21097" started-at="2018-09-19T09:28:35Z" description="Merchant Number Verification" finished-at="2018-09-19T09:28:56Z">
          <reporter-output>
          </reporter-output>
        </test-method> <!-- MerNumSearch -->
        <test-method status="PASS" signature="getResult(org.testng.ITestResult)[pri:0, instance:com.ril.feedzai.testScript.AMSearchPageTest@1e3c938]" name="getResult" is-config="true" duration-ms="7" started-at="2018-09-19T09:28:56Z" finished-at="2018-09-19T09:28:56Z">
          <params>
            <param index="0">
              <value>
                <![CDATA[[TestResult name=MerNumSearch status=SUCCESS method=AMSearchPageTest.MerNumSearch()[pri:41, instance:com.ril.feedzai.testScript.AMSearchPageTest@1e3c938] output={null}]]]>
              </value>
            </param>
          </params>
          <reporter-output>
          </reporter-output>
        </test-method> <!-- getResult -->
        <test-method status="PASS" signature="SearchTab()[pri:0, instance:com.ril.feedzai.testScript.AMSearchPageTest@1e3c938]" name="SearchTab" is-config="true" duration-ms="15742" started-at="2018-09-19T09:28:56Z" finished-at="2018-09-19T09:29:11Z">
          <reporter-output>
          </reporter-output>
        </test-method> <!-- SearchTab -->
        <test-method status="PASS" signature="SrcInstIDSearch()[pri:42, instance:com.ril.feedzai.testScript.AMSearchPageTest@1e3c938]" name="SrcInstIDSearch" duration-ms="19673" started-at="2018-09-19T09:29:11Z" description="Src InstID Verification" finished-at="2018-09-19T09:29:31Z">
          <reporter-output>
          </reporter-output>
        </test-method> <!-- SrcInstIDSearch -->
        <test-method status="PASS" signature="getResult(org.testng.ITestResult)[pri:0, instance:com.ril.feedzai.testScript.AMSearchPageTest@1e3c938]" name="getResult" is-config="true" duration-ms="0" started-at="2018-09-19T09:29:31Z" finished-at="2018-09-19T09:29:31Z">
          <params>
            <param index="0">
              <value>
                <![CDATA[[TestResult name=SrcInstIDSearch status=SUCCESS method=AMSearchPageTest.SrcInstIDSearch()[pri:42, instance:com.ril.feedzai.testScript.AMSearchPageTest@1e3c938] output={null}]]]>
              </value>
            </param>
          </params>
          <reporter-output>
          </reporter-output>
        </test-method> <!-- getResult -->
        <test-method status="PASS" signature="SearchTab()[pri:0, instance:com.ril.feedzai.testScript.AMSearchPageTest@1e3c938]" name="SearchTab" is-config="true" duration-ms="15400" started-at="2018-09-19T09:29:31Z" finished-at="2018-09-19T09:29:46Z">
          <reporter-output>
          </reporter-output>
        </test-method> <!-- SearchTab -->
        <test-method status="PASS" signature="ResponseCodeSearch()[pri:43, instance:com.ril.feedzai.testScript.AMSearchPageTest@1e3c938]" name="ResponseCodeSearch" duration-ms="23172" started-at="2018-09-19T09:29:46Z" description="Response Code Verification" finished-at="2018-09-19T09:30:10Z">
          <reporter-output>
          </reporter-output>
        </test-method> <!-- ResponseCodeSearch -->
        <test-method status="PASS" signature="SearchTab()[pri:0, instance:com.ril.feedzai.testScript.AMSearchPageTest@1e3c938]" name="SearchTab" is-config="true" duration-ms="15909" started-at="2018-09-19T09:30:10Z" finished-at="2018-09-19T09:30:26Z">
          <reporter-output>
          </reporter-output>
        </test-method> <!-- SearchTab -->
        <test-method status="PASS" signature="getResult(org.testng.ITestResult)[pri:0, instance:com.ril.feedzai.testScript.AMSearchPageTest@1e3c938]" name="getResult" is-config="true" duration-ms="0" started-at="2018-09-19T09:30:10Z" finished-at="2018-09-19T09:30:10Z">
          <params>
            <param index="0">
              <value>
                <![CDATA[[TestResult name=ResponseCodeSearch status=SUCCESS method=AMSearchPageTest.ResponseCodeSearch()[pri:43, instance:com.ril.feedzai.testScript.AMSearchPageTest@1e3c938] output={null}]]]>
              </value>
            </param>
          </params>
          <reporter-output>
          </reporter-output>
        </test-method> <!-- getResult -->
        <test-method status="PASS" signature="ProcessCodeSearch()[pri:44, instance:com.ril.feedzai.testScript.AMSearchPageTest@1e3c938]" name="ProcessCodeSearch" duration-ms="22510" started-at="2018-09-19T09:30:26Z" description="Process Code Verification" finished-at="2018-09-19T09:30:48Z">
          <reporter-output>
          </reporter-output>
        </test-method> <!-- ProcessCodeSearch -->
        <test-method status="PASS" signature="SearchTab()[pri:0, instance:com.ril.feedzai.testScript.AMSearchPageTest@1e3c938]" name="SearchTab" is-config="true" duration-ms="16943" started-at="2018-09-19T09:30:48Z" finished-at="2018-09-19T09:31:05Z">
          <reporter-output>
          </reporter-output>
        </test-method> <!-- SearchTab -->
        <test-method status="PASS" signature="getResult(org.testng.ITestResult)[pri:0, instance:com.ril.feedzai.testScript.AMSearchPageTest@1e3c938]" name="getResult" is-config="true" duration-ms="0" started-at="2018-09-19T09:30:48Z" finished-at="2018-09-19T09:30:48Z">
          <params>
            <param index="0">
              <value>
                <![CDATA[[TestResult name=ProcessCodeSearch status=SUCCESS method=AMSearchPageTest.ProcessCodeSearch()[pri:44, instance:com.ril.feedzai.testScript.AMSearchPageTest@1e3c938] output={null}]]]>
              </value>
            </param>
          </params>
          <reporter-output>
          </reporter-output>
        </test-method> <!-- getResult -->
        <test-method status="PASS" signature="HashedCardPanSearch()[pri:45, instance:com.ril.feedzai.testScript.AMSearchPageTest@1e3c938]" name="HashedCardPanSearch" duration-ms="24825" started-at="2018-09-19T09:31:05Z" description="Hashed Card Verification" finished-at="2018-09-19T09:31:30Z">
          <reporter-output>
          </reporter-output>
        </test-method> <!-- HashedCardPanSearch -->
        <test-method status="PASS" signature="getResult(org.testng.ITestResult)[pri:0, instance:com.ril.feedzai.testScript.AMSearchPageTest@1e3c938]" name="getResult" is-config="true" duration-ms="0" started-at="2018-09-19T09:31:30Z" finished-at="2018-09-19T09:31:30Z">
          <params>
            <param index="0">
              <value>
                <![CDATA[[TestResult name=HashedCardPanSearch status=SUCCESS method=AMSearchPageTest.HashedCardPanSearch()[pri:45, instance:com.ril.feedzai.testScript.AMSearchPageTest@1e3c938] output={null}]]]>
              </value>
            </param>
          </params>
          <reporter-output>
          </reporter-output>
        </test-method> <!-- getResult -->
        <test-method status="PASS" signature="SearchTab()[pri:0, instance:com.ril.feedzai.testScript.AMSearchPageTest@1e3c938]" name="SearchTab" is-config="true" duration-ms="15081" started-at="2018-09-19T09:31:30Z" finished-at="2018-09-19T09:31:45Z">
          <reporter-output>
          </reporter-output>
        </test-method> <!-- SearchTab -->
        <test-method status="PASS" signature="CustAppIDSearch()[pri:46, instance:com.ril.feedzai.testScript.AMSearchPageTest@1e3c938]" name="CustAppIDSearch" duration-ms="23165" started-at="2018-09-19T09:31:45Z" description="CustAppID Verification" finished-at="2018-09-19T09:32:08Z">
          <reporter-output>
          </reporter-output>
        </test-method> <!-- CustAppIDSearch -->
        <test-method status="PASS" signature="SearchTab()[pri:0, instance:com.ril.feedzai.testScript.AMSearchPageTest@1e3c938]" name="SearchTab" is-config="true" duration-ms="13993" started-at="2018-09-19T09:32:08Z" finished-at="2018-09-19T09:32:22Z">
          <reporter-output>
          </reporter-output>
        </test-method> <!-- SearchTab -->
        <test-method status="PASS" signature="getResult(org.testng.ITestResult)[pri:0, instance:com.ril.feedzai.testScript.AMSearchPageTest@1e3c938]" name="getResult" is-config="true" duration-ms="0" started-at="2018-09-19T09:32:08Z" finished-at="2018-09-19T09:32:08Z">
          <params>
            <param index="0">
              <value>
                <![CDATA[[TestResult name=CustAppIDSearch status=SUCCESS method=AMSearchPageTest.CustAppIDSearch()[pri:46, instance:com.ril.feedzai.testScript.AMSearchPageTest@1e3c938] output={null}]]]>
              </value>
            </param>
          </params>
          <reporter-output>
          </reporter-output>
        </test-method> <!-- getResult -->
        <test-method status="PASS" signature="SenderPanSearch()[pri:47, instance:com.ril.feedzai.testScript.AMSearchPageTest@1e3c938]" name="SenderPanSearch" duration-ms="24175" started-at="2018-09-19T09:32:22Z" description="Sender Pan Verification" finished-at="2018-09-19T09:32:46Z">
          <reporter-output>
          </reporter-output>
        </test-method> <!-- SenderPanSearch -->
        <test-method status="PASS" signature="SearchTab()[pri:0, instance:com.ril.feedzai.testScript.AMSearchPageTest@1e3c938]" name="SearchTab" is-config="true" duration-ms="16649" started-at="2018-09-19T09:32:46Z" finished-at="2018-09-19T09:33:03Z">
          <reporter-output>
          </reporter-output>
        </test-method> <!-- SearchTab -->
        <test-method status="PASS" signature="getResult(org.testng.ITestResult)[pri:0, instance:com.ril.feedzai.testScript.AMSearchPageTest@1e3c938]" name="getResult" is-config="true" duration-ms="0" started-at="2018-09-19T09:32:46Z" finished-at="2018-09-19T09:32:46Z">
          <params>
            <param index="0">
              <value>
                <![CDATA[[TestResult name=SenderPanSearch status=SUCCESS method=AMSearchPageTest.SenderPanSearch()[pri:47, instance:com.ril.feedzai.testScript.AMSearchPageTest@1e3c938] output={null}]]]>
              </value>
            </param>
          </params>
          <reporter-output>
          </reporter-output>
        </test-method> <!-- getResult -->
        <test-method status="PASS" signature="CardBinSearch()[pri:48, instance:com.ril.feedzai.testScript.AMSearchPageTest@1e3c938]" name="CardBinSearch" duration-ms="28764" started-at="2018-09-19T09:33:03Z" description="Card Bin Verification" finished-at="2018-09-19T09:33:32Z">
          <reporter-output>
          </reporter-output>
        </test-method> <!-- CardBinSearch -->
        <test-method status="PASS" signature="getResult(org.testng.ITestResult)[pri:0, instance:com.ril.feedzai.testScript.AMSearchPageTest@1e3c938]" name="getResult" is-config="true" duration-ms="0" started-at="2018-09-19T09:33:32Z" finished-at="2018-09-19T09:33:32Z">
          <params>
            <param index="0">
              <value>
                <![CDATA[[TestResult name=CardBinSearch status=SUCCESS method=AMSearchPageTest.CardBinSearch()[pri:48, instance:com.ril.feedzai.testScript.AMSearchPageTest@1e3c938] output={null}]]]>
              </value>
            </param>
          </params>
          <reporter-output>
          </reporter-output>
        </test-method> <!-- getResult -->
        <test-method status="PASS" signature="Alert()[pri:0, instance:com.ril.feedzai.testScript.AMSearchPageTest@1e3c938]" name="Alert" is-config="true" duration-ms="734" started-at="2018-09-19T09:33:32Z" finished-at="2018-09-19T09:33:32Z">
          <reporter-output>
          </reporter-output>
        </test-method> <!-- Alert -->
      </class> <!-- com.ril.feedzai.testScript.AMSearchPageTest -->
      <class name="com.ril.feedzai.testScript.JPB_CustomerSearchPageTest">
        <test-method status="PASS" signature="JpbcustSear()[pri:0, instance:com.ril.feedzai.testScript.JPB_CustomerSearchPageTest@1423665]" name="JpbcustSear" is-config="true" duration-ms="110" started-at="2018-09-19T09:37:36Z" finished-at="2018-09-19T09:37:37Z">
          <reporter-output>
          </reporter-output>
        </test-method> <!-- JpbcustSear -->
        <test-method status="PASS" signature="JBP_SearchCIFID()[pri:57, instance:com.ril.feedzai.testScript.JPB_CustomerSearchPageTest@1423665]" name="JBP_SearchCIFID" duration-ms="33261" started-at="2018-09-19T09:37:37Z" description="JPB Profile Search with Customer_number" finished-at="2018-09-19T09:38:10Z">
          <reporter-output>
          </reporter-output>
        </test-method> <!-- JBP_SearchCIFID -->
        <test-method status="PASS" signature="getResult(org.testng.ITestResult)[pri:0, instance:com.ril.feedzai.testScript.JPB_CustomerSearchPageTest@1423665]" name="getResult" is-config="true" duration-ms="3" started-at="2018-09-19T09:38:10Z" finished-at="2018-09-19T09:38:10Z">
          <params>
            <param index="0">
              <value>
                <![CDATA[[TestResult name=JBP_SearchCIFID status=SUCCESS method=JPB_CustomerSearchPageTest.JBP_SearchCIFID()[pri:57, instance:com.ril.feedzai.testScript.JPB_CustomerSearchPageTest@1423665] output={null}]]]>
              </value>
            </param>
          </params>
          <reporter-output>
          </reporter-output>
        </test-method> <!-- getResult -->
        <test-method status="PASS" signature="Customer_Details_CIFID()[pri:58, instance:com.ril.feedzai.testScript.JPB_CustomerSearchPageTest@1423665]" name="Customer_Details_CIFID" duration-ms="4411" started-at="2018-09-19T09:38:10Z" description="JPB Customer Details" finished-at="2018-09-19T09:38:14Z">
          <reporter-output>
          </reporter-output>
        </test-method> <!-- Customer_Details_CIFID -->
        <test-method status="PASS" signature="getResult(org.testng.ITestResult)[pri:0, instance:com.ril.feedzai.testScript.JPB_CustomerSearchPageTest@1423665]" name="getResult" is-config="true" duration-ms="5" started-at="2018-09-19T09:38:14Z" finished-at="2018-09-19T09:38:14Z">
          <params>
            <param index="0">
              <value>
                <![CDATA[[TestResult name=Customer_Details_CIFID status=SUCCESS method=JPB_CustomerSearchPageTest.Customer_Details_CIFID()[pri:58, instance:com.ril.feedzai.testScript.JPB_CustomerSearchPageTest@1423665] output={null}]]]>
              </value>
            </param>
          </params>
          <reporter-output>
          </reporter-output>
        </test-method> <!-- getResult -->
        <test-method status="PASS" signature="Customer_Account_Number()[pri:59, instance:com.ril.feedzai.testScript.JPB_CustomerSearchPageTest@1423665]" name="Customer_Account_Number" duration-ms="14330" started-at="2018-09-19T09:38:14Z" description="JPB Profile Search with Account_number" finished-at="2018-09-19T09:38:29Z">
          <reporter-output>
          </reporter-output>
        </test-method> <!-- Customer_Account_Number -->
        <test-method status="PASS" signature="getResult(org.testng.ITestResult)[pri:0, instance:com.ril.feedzai.testScript.JPB_CustomerSearchPageTest@1423665]" name="getResult" is-config="true" duration-ms="5" started-at="2018-09-19T09:38:29Z" finished-at="2018-09-19T09:38:29Z">
          <params>
            <param index="0">
              <value>
                <![CDATA[[TestResult name=Customer_Account_Number status=SUCCESS method=JPB_CustomerSearchPageTest.Customer_Account_Number()[pri:59, instance:com.ril.feedzai.testScript.JPB_CustomerSearchPageTest@1423665] output={null}]]]>
              </value>
            </param>
          </params>
          <reporter-output>
          </reporter-output>
        </test-method> <!-- getResult -->
        <test-method status="SKIP" signature="Customer_Account_Details()[pri:60, instance:com.ril.feedzai.testScript.JPB_CustomerSearchPageTest@1423665]" name="Customer_Account_Details" duration-ms="4238" started-at="2018-09-19T09:38:29Z" description="JPB Account Details" finished-at="2018-09-19T09:38:33Z">
          <exception class="java.lang.AssertionError">
            <message>
              <![CDATA[expected [true] but found [false]]]>
            </message>
            <full-stacktrace>
              <![CDATA[java.lang.AssertionError: expected [true] but found [false]
at org.testng.Assert.fail(Assert.java:96)
at org.testng.Assert.failNotEquals(Assert.java:776)
at org.testng.Assert.assertTrue(Assert.java:44)
at org.testng.Assert.assertTrue(Assert.java:54)
at com.ril.feedzai.testScript.JPB_CustomerSearchPageTest.Customer_Account_Details(JPB_CustomerSearchPageTest.java:70)
at sun.reflect.NativeMethodAccessorImpl.invoke0(Native Method)
at sun.reflect.NativeMethodAccessorImpl.invoke(NativeMethodAccessorImpl.java:62)
at sun.reflect.DelegatingMethodAccessorImpl.invoke(DelegatingMethodAccessorImpl.java:43)
at java.lang.reflect.Method.invoke(Method.java:497)
at org.testng.internal.MethodInvocationHelper.invokeMethod(MethodInvocationHelper.java:124)
at org.testng.internal.Invoker.invokeMethod(Invoker.java:580)
at org.testng.internal.Invoker.invokeTestMethod(Invoker.java:716)
at org.testng.internal.Invoker.invokeTestMethods(Invoker.java:988)
at org.testng.internal.TestMethodWorker.invokeTestMethods(TestMethodWorker.java:125)
at org.testng.internal.TestMethodWorker.run(TestMethodWorker.java:109)
at org.testng.TestRunner.privateRun(TestRunner.java:648)
at org.testng.TestRunner.run(TestRunner.java:505)
at org.testng.SuiteRunner.runTest(SuiteRunner.java:455)
at org.testng.SuiteRunner.runSequentially(SuiteRunner.java:450)
at org.testng.SuiteRunner.privateRun(SuiteRunner.java:415)
at org.testng.SuiteRunner.run(SuiteRunner.java:364)
at org.testng.SuiteRunnerWorker.runSuite(SuiteRunnerWorker.java:52)
at org.testng.SuiteRunnerWorker.run(SuiteRunnerWorker.java:84)
at org.testng.TestNG.runSuitesSequentially(TestNG.java:1208)
at org.testng.TestNG.runSuitesLocally(TestNG.java:1137)
at org.testng.TestNG.runSuites(TestNG.java:1049)
at org.testng.TestNG.run(TestNG.java:1017)
at org.apache.maven.surefire.testng.TestNGExecutor.run(TestNGExecutor.java:283)
at org.apache.maven.surefire.testng.TestNGXmlTestSuite.execute(TestNGXmlTestSuite.java:75)
at org.apache.maven.surefire.testng.TestNGProvider.invoke(TestNGProvider.java:120)
at org.apache.maven.surefire.booter.ForkedBooter.invokeProviderInSameClassLoader(ForkedBooter.java:379)
at org.apache.maven.surefire.booter.ForkedBooter.runSuitesInProcess(ForkedBooter.java:340)
at org.apache.maven.surefire.booter.ForkedBooter.execute(ForkedBooter.java:125)
at org.apache.maven.surefire.booter.ForkedBooter.main(ForkedBooter.java:413)
]]>
            </full-stacktrace>
          </exception> <!-- java.lang.AssertionError -->
          <reporter-output>
          </reporter-output>
        </test-method> <!-- Customer_Account_Details -->
        <test-method status="PASS" signature="getResult(org.testng.ITestResult)[pri:0, instance:com.ril.feedzai.testScript.JPB_CustomerSearchPageTest@1423665]" name="getResult" is-config="true" duration-ms="3" started-at="2018-09-19T09:38:33Z" finished-at="2018-09-19T09:38:33Z">
          <params>
            <param index="0">
              <value>
                <![CDATA[[TestResult name=Customer_Account_Details status=SKIP method=JPB_CustomerSearchPageTest.Customer_Account_Details()[pri:60, instance:com.ril.feedzai.testScript.JPB_CustomerSearchPageTest@1423665] output={null}]]]>
              </value>
            </param>
          </params>
          <reporter-output>
          </reporter-output>
        </test-method> <!-- getResult -->
        <test-method status="SKIP" signature="Customer_Account_Details()[pri:60, instance:com.ril.feedzai.testScript.JPB_CustomerSearchPageTest@1423665]" name="Customer_Account_Details" duration-ms="3724" started-at="2018-09-19T09:38:33Z" description="JPB Account Details" finished-at="2018-09-19T09:38:37Z">
          <exception class="java.lang.AssertionError">
            <message>
              <![CDATA[expected [true] but found [false]]]>
            </message>
            <full-stacktrace>
              <![CDATA[java.lang.AssertionError: expected [true] but found [false]
at org.testng.Assert.fail(Assert.java:96)
at org.testng.Assert.failNotEquals(Assert.java:776)
at org.testng.Assert.assertTrue(Assert.java:44)
at org.testng.Assert.assertTrue(Assert.java:54)
at com.ril.feedzai.testScript.JPB_CustomerSearchPageTest.Customer_Account_Details(JPB_CustomerSearchPageTest.java:70)
at sun.reflect.NativeMethodAccessorImpl.invoke0(Native Method)
at sun.reflect.NativeMethodAccessorImpl.invoke(NativeMethodAccessorImpl.java:62)
at sun.reflect.DelegatingMethodAccessorImpl.invoke(DelegatingMethodAccessorImpl.java:43)
at java.lang.reflect.Method.invoke(Method.java:497)
at org.testng.internal.MethodInvocationHelper.invokeMethod(MethodInvocationHelper.java:124)
at org.testng.internal.Invoker.invokeMethod(Invoker.java:580)
at org.testng.internal.Invoker.retryFailed(Invoker.java:838)
at org.testng.internal.Invoker.invokeTestMethods(Invoker.java:1009)
at org.testng.internal.TestMethodWorker.invokeTestMethods(TestMethodWorker.java:125)
at org.testng.internal.TestMethodWorker.run(TestMethodWorker.java:109)
at org.testng.TestRunner.privateRun(TestRunner.java:648)
at org.testng.TestRunner.run(TestRunner.java:505)
at org.testng.SuiteRunner.runTest(SuiteRunner.java:455)
at org.testng.SuiteRunner.runSequentially(SuiteRunner.java:450)
at org.testng.SuiteRunner.privateRun(SuiteRunner.java:415)
at org.testng.SuiteRunner.run(SuiteRunner.java:364)
at org.testng.SuiteRunnerWorker.runSuite(SuiteRunnerWorker.java:52)
at org.testng.SuiteRunnerWorker.run(SuiteRunnerWorker.java:84)
at org.testng.TestNG.runSuitesSequentially(TestNG.java:1208)
at org.testng.TestNG.runSuitesLocally(TestNG.java:1137)
at org.testng.TestNG.runSuites(TestNG.java:1049)
at org.testng.TestNG.run(TestNG.java:1017)
at org.apache.maven.surefire.testng.TestNGExecutor.run(TestNGExecutor.java:283)
at org.apache.maven.surefire.testng.TestNGXmlTestSuite.execute(TestNGXmlTestSuite.java:75)
at org.apache.maven.surefire.testng.TestNGProvider.invoke(TestNGProvider.java:120)
at org.apache.maven.surefire.booter.ForkedBooter.invokeProviderInSameClassLoader(ForkedBooter.java:379)
at org.apache.maven.surefire.booter.ForkedBooter.runSuitesInProcess(ForkedBooter.java:340)
at org.apache.maven.surefire.booter.ForkedBooter.execute(ForkedBooter.java:125)
at org.apache.maven.surefire.booter.ForkedBooter.main(ForkedBooter.java:413)
]]>
            </full-stacktrace>
          </exception> <!-- java.lang.AssertionError -->
          <reporter-output>
          </reporter-output>
        </test-method> <!-- Customer_Account_Details -->
        <test-method status="PASS" signature="getResult(org.testng.ITestResult)[pri:0, instance:com.ril.feedzai.testScript.JPB_CustomerSearchPageTest@1423665]" name="getResult" is-config="true" duration-ms="12" started-at="2018-09-19T09:38:37Z" finished-at="2018-09-19T09:38:37Z">
          <params>
            <param index="0">
              <value>
                <![CDATA[[TestResult name=Customer_Account_Details status=SKIP method=JPB_CustomerSearchPageTest.Customer_Account_Details()[pri:60, instance:com.ril.feedzai.testScript.JPB_CustomerSearchPageTest@1423665] output={null}]]]>
              </value>
            </param>
          </params>
          <reporter-output>
          </reporter-output>
        </test-method> <!-- getResult -->
        <test-method status="FAIL" signature="Customer_Account_Details()[pri:60, instance:com.ril.feedzai.testScript.JPB_CustomerSearchPageTest@1423665]" name="Customer_Account_Details" duration-ms="4107" started-at="2018-09-19T09:38:37Z" description="JPB Account Details" finished-at="2018-09-19T09:38:41Z">
          <exception class="java.lang.AssertionError">
            <message>
              <![CDATA[expected [true] but found [false]]]>
            </message>
            <full-stacktrace>
              <![CDATA[java.lang.AssertionError: expected [true] but found [false]
at org.testng.Assert.fail(Assert.java:96)
at org.testng.Assert.failNotEquals(Assert.java:776)
at org.testng.Assert.assertTrue(Assert.java:44)
at org.testng.Assert.assertTrue(Assert.java:54)
at com.ril.feedzai.testScript.JPB_CustomerSearchPageTest.Customer_Account_Details(JPB_CustomerSearchPageTest.java:70)
at sun.reflect.NativeMethodAccessorImpl.invoke0(Native Method)
at sun.reflect.NativeMethodAccessorImpl.invoke(NativeMethodAccessorImpl.java:62)
at sun.reflect.DelegatingMethodAccessorImpl.invoke(DelegatingMethodAccessorImpl.java:43)
at java.lang.reflect.Method.invoke(Method.java:497)
at org.testng.internal.MethodInvocationHelper.invokeMethod(MethodInvocationHelper.java:124)
at org.testng.internal.Invoker.invokeMethod(Invoker.java:580)
at org.testng.internal.Invoker.retryFailed(Invoker.java:838)
at org.testng.internal.Invoker.invokeTestMethods(Invoker.java:1009)
at org.testng.internal.TestMethodWorker.invokeTestMethods(TestMethodWorker.java:125)
at org.testng.internal.TestMethodWorker.run(TestMethodWorker.java:109)
at org.testng.TestRunner.privateRun(TestRunner.java:648)
at org.testng.TestRunner.run(TestRunner.java:505)
at org.testng.SuiteRunner.runTest(SuiteRunner.java:455)
at org.testng.SuiteRunner.runSequentially(SuiteRunner.java:450)
at org.testng.SuiteRunner.privateRun(SuiteRunner.java:415)
at org.testng.SuiteRunner.run(SuiteRunner.java:364)
at org.testng.SuiteRunnerWorker.runSuite(SuiteRunnerWorker.java:52)
at org.testng.SuiteRunnerWorker.run(SuiteRunnerWorker.java:84)
at org.testng.TestNG.runSuitesSequentially(TestNG.java:1208)
at org.testng.TestNG.runSuitesLocally(TestNG.java:1137)
at org.testng.TestNG.runSuites(TestNG.java:1049)
at org.testng.TestNG.run(TestNG.java:1017)
at org.apache.maven.surefire.testng.TestNGExecutor.run(TestNGExecutor.java:283)
at org.apache.maven.surefire.testng.TestNGXmlTestSuite.execute(TestNGXmlTestSuite.java:75)
at org.apache.maven.surefire.testng.TestNGProvider.invoke(TestNGProvider.java:120)
at org.apache.maven.surefire.booter.ForkedBooter.invokeProviderInSameClassLoader(ForkedBooter.java:379)
at org.apache.maven.surefire.booter.ForkedBooter.runSuitesInProcess(ForkedBooter.java:340)
at org.apache.maven.surefire.booter.ForkedBooter.execute(ForkedBooter.java:125)
at org.apache.maven.surefire.booter.ForkedBooter.main(ForkedBooter.java:413)
]]>
            </full-stacktrace>
          </exception> <!-- java.lang.AssertionError -->
          <reporter-output>
          </reporter-output>
        </test-method> <!-- Customer_Account_Details -->
        <test-method status="PASS" signature="getResult(org.testng.ITestResult)[pri:0, instance:com.ril.feedzai.testScript.JPB_CustomerSearchPageTest@1423665]" name="getResult" is-config="true" duration-ms="1095" started-at="2018-09-19T09:38:41Z" finished-at="2018-09-19T09:38:42Z">
          <params>
            <param index="0">
              <value>
                <![CDATA[[TestResult name=Customer_Account_Details status=FAILURE method=JPB_CustomerSearchPageTest.Customer_Account_Details()[pri:60, instance:com.ril.feedzai.testScript.JPB_CustomerSearchPageTest@1423665] output={null}]]]>
              </value>
            </param>
          </params>
          <reporter-output>
          </reporter-output>
        </test-method> <!-- getResult -->
        <test-method status="PASS" signature="VerifyAlldetail()[pri:61, instance:com.ril.feedzai.testScript.JPB_CustomerSearchPageTest@1423665]" name="VerifyAlldetail" duration-ms="10910" started-at="2018-09-19T09:38:42Z" description="JPB Account Details" finished-at="2018-09-19T09:38:53Z">
          <reporter-output>
          </reporter-output>
        </test-method> <!-- VerifyAlldetail -->
        <test-method status="PASS" signature="getResult(org.testng.ITestResult)[pri:0, instance:com.ril.feedzai.testScript.JPB_CustomerSearchPageTest@1423665]" name="getResult" is-config="true" duration-ms="10" started-at="2018-09-19T09:38:53Z" finished-at="2018-09-19T09:38:53Z">
          <params>
            <param index="0">
              <value>
                <![CDATA[[TestResult name=VerifyAlldetail status=SUCCESS method=JPB_CustomerSearchPageTest.VerifyAlldetail()[pri:61, instance:com.ril.feedzai.testScript.JPB_CustomerSearchPageTest@1423665] output={null}]]]>
              </value>
            </param>
          </params>
          <reporter-output>
          </reporter-output>
        </test-method> <!-- getResult -->
        <test-method status="PASS" signature="Alertpage()[pri:0, instance:com.ril.feedzai.testScript.JPB_CustomerSearchPageTest@1423665]" name="Alertpage" is-config="true" duration-ms="9283" started-at="2018-09-19T09:38:53Z" finished-at="2018-09-19T09:39:02Z">
          <reporter-output>
          </reporter-output>
        </test-method> <!-- Alertpage -->
      </class> <!-- com.ril.feedzai.testScript.JPB_CustomerSearchPageTest -->
      <class name="com.ril.feedzai.testScript.LoginPageTest">
        <test-method status="PASS" signature="ReportSetUP()[pri:0, instance:com.ril.feedzai.testScript.LoginPageTest@1213b92]" name="ReportSetUP" is-config="true" duration-ms="951" started-at="2018-09-19T09:18:42Z" finished-at="2018-09-19T09:18:43Z">
          <reporter-output>
          </reporter-output>
        </test-method> <!-- ReportSetUP -->
        <test-method status="PASS" signature="setup()[pri:0, instance:com.ril.feedzai.testScript.LoginPageTest@1213b92]" name="setup" is-config="true" duration-ms="23449" started-at="2018-09-19T09:18:43Z" depends-on-methods="com.ril.Feedzai.BaseClass.FeedzaiTestBaseClass.ReportSetUP" finished-at="2018-09-19T09:19:06Z">
          <reporter-output>
          </reporter-output>
        </test-method> <!-- setup -->
        <test-method status="PASS" signature="VerifyUserLogin()[pri:1, instance:com.ril.feedzai.testScript.LoginPageTest@1213b92]" name="VerifyUserLogin" duration-ms="19281" started-at="2018-09-19T09:19:06Z" description="Verify Page Title &amp; User Login" finished-at="2018-09-19T09:19:26Z">
          <reporter-output>
          </reporter-output>
        </test-method> <!-- VerifyUserLogin -->
        <test-method status="PASS" signature="Alert()[pri:0, instance:com.ril.feedzai.testScript.LoginPageTest@1213b92]" name="Alert" is-config="true" duration-ms="16" started-at="2018-09-19T09:19:26Z" finished-at="2018-09-19T09:19:26Z">
          <reporter-output>
          </reporter-output>
        </test-method> <!-- Alert -->
        <test-method status="PASS" signature="getResult(org.testng.ITestResult)[pri:0, instance:com.ril.feedzai.testScript.LoginPageTest@1213b92]" name="getResult" is-config="true" duration-ms="78" started-at="2018-09-19T09:19:26Z" finished-at="2018-09-19T09:19:26Z">
          <params>
            <param index="0">
              <value>
                <![CDATA[[TestResult name=VerifyUserLogin status=SUCCESS method=LoginPageTest.VerifyUserLogin()[pri:1, instance:com.ril.feedzai.testScript.LoginPageTest@1213b92] output={null}]]]>
              </value>
            </param>
          </params>
          <reporter-output>
          </reporter-output>
        </test-method> <!-- getResult -->
        <test-method status="SKIP" signature="endReport()[pri:0, instance:com.ril.feedzai.testScript.LoginPageTest@1213b92]" name="endReport" is-config="true" duration-ms="0" started-at="2018-09-19T09:44:16Z" finished-at="2018-09-19T09:44:16Z">
          <reporter-output>
          </reporter-output>
        </test-method> <!-- endReport -->
      </class> <!-- com.ril.feedzai.testScript.LoginPageTest -->
      <class name="com.ril.feedzai.testScript.TransactionpageTest">
        <test-method status="PASS" signature="SelectTrans()[pri:0, instance:com.ril.feedzai.testScript.TransactionpageTest@1d422d]" name="SelectTrans" is-config="true" duration-ms="6142" started-at="2018-09-19T09:20:47Z" finished-at="2018-09-19T09:20:54Z">
          <reporter-output>
          </reporter-output>
        </test-method> <!-- SelectTrans -->
        <test-method status="PASS" signature="markTransNotFraud()[pri:20, instance:com.ril.feedzai.testScript.TransactionpageTest@1d422d]" name="markTransNotFraud" duration-ms="10260" started-at="2018-09-19T09:20:54Z" description="Mark Transaction Not Fraud" finished-at="2018-09-19T09:21:04Z">
          <reporter-output>
          </reporter-output>
        </test-method> <!-- markTransNotFraud -->
        <test-method status="PASS" signature="markTransFraud()[pri:21, instance:com.ril.feedzai.testScript.TransactionpageTest@1d422d]" name="markTransFraud" duration-ms="21249" started-at="2018-09-19T09:21:04Z" description="Mark Transaction Fraud" finished-at="2018-09-19T09:21:25Z">
          <reporter-output>
          </reporter-output>
        </test-method> <!-- markTransFraud -->
        <test-method status="PASS" signature="getResult(org.testng.ITestResult)[pri:0, instance:com.ril.feedzai.testScript.TransactionpageTest@1d422d]" name="getResult" is-config="true" duration-ms="0" started-at="2018-09-19T09:21:04Z" finished-at="2018-09-19T09:21:04Z">
          <params>
            <param index="0">
              <value>
                <![CDATA[[TestResult name=markTransNotFraud status=SUCCESS method=TransactionpageTest.markTransNotFraud()[pri:20, instance:com.ril.feedzai.testScript.TransactionpageTest@1d422d] output={null}]]]>
              </value>
            </param>
          </params>
          <reporter-output>
          </reporter-output>
        </test-method> <!-- getResult -->
        <test-method status="PASS" signature="getResult(org.testng.ITestResult)[pri:0, instance:com.ril.feedzai.testScript.TransactionpageTest@1d422d]" name="getResult" is-config="true" duration-ms="0" started-at="2018-09-19T09:21:25Z" finished-at="2018-09-19T09:21:25Z">
          <params>
            <param index="0">
              <value>
                <![CDATA[[TestResult name=markTransFraud status=SUCCESS method=TransactionpageTest.markTransFraud()[pri:21, instance:com.ril.feedzai.testScript.TransactionpageTest@1d422d] output={null}]]]>
              </value>
            </param>
          </params>
          <reporter-output>
          </reporter-output>
        </test-method> <!-- getResult -->
        <test-method status="PASS" signature="Alert()[pri:0, instance:com.ril.feedzai.testScript.TransactionpageTest@1d422d]" name="Alert" is-config="true" duration-ms="203" started-at="2018-09-19T09:21:25Z" finished-at="2018-09-19T09:21:25Z">
          <reporter-output>
          </reporter-output>
        </test-method> <!-- Alert -->
      </class> <!-- com.ril.feedzai.testScript.TransactionpageTest -->
      <class name="com.ril.feedzai.testScript.ReportPageTest">
        <test-method status="PASS" signature="Feedzaireport()[pri:0, instance:com.ril.feedzai.testScript.ReportPageTest@c0a365]" name="Feedzaireport" is-config="true" duration-ms="78" started-at="2018-09-19T09:23:53Z" finished-at="2018-09-19T09:23:53Z">
          <reporter-output>
          </reporter-output>
        </test-method> <!-- Feedzaireport -->
        <test-method status="PASS" signature="ReportCheck()[pri:33, instance:com.ril.feedzai.testScript.ReportPageTest@c0a365]" name="ReportCheck" duration-ms="11641" started-at="2018-09-19T09:23:53Z" description="Check Reports" finished-at="2018-09-19T09:24:05Z">
          <reporter-output>
          </reporter-output>
        </test-method> <!-- ReportCheck -->
        <test-method status="PASS" signature="getResult(org.testng.ITestResult)[pri:0, instance:com.ril.feedzai.testScript.ReportPageTest@c0a365]" name="getResult" is-config="true" duration-ms="0" started-at="2018-09-19T09:24:05Z" finished-at="2018-09-19T09:24:05Z">
          <params>
            <param index="0">
              <value>
                <![CDATA[[TestResult name=ReportCheck status=SUCCESS method=ReportPageTest.ReportCheck()[pri:33, instance:com.ril.feedzai.testScript.ReportPageTest@c0a365] output={null}]]]>
              </value>
            </param>
          </params>
          <reporter-output>
          </reporter-output>
        </test-method> <!-- getResult -->
        <test-method status="PASS" signature="Alert()[pri:0, instance:com.ril.feedzai.testScript.ReportPageTest@c0a365]" name="Alert" is-config="true" duration-ms="15" started-at="2018-09-19T09:24:05Z" finished-at="2018-09-19T09:24:05Z">
          <reporter-output>
          </reporter-output>
        </test-method> <!-- Alert -->
      </class> <!-- com.ril.feedzai.testScript.ReportPageTest -->
      <class name="com.ril.feedzai.testScript.BeneficiaryPan_ValidationPageTest">
        <test-method status="PASS" signature="benPanValidate()[pri:0, instance:com.ril.feedzai.testScript.BeneficiaryPan_ValidationPageTest@bca1e0]" name="benPanValidate" is-config="true" duration-ms="110" started-at="2018-09-19T09:43:12Z" finished-at="2018-09-19T09:43:12Z">
          <reporter-output>
          </reporter-output>
        </test-method> <!-- benPanValidate -->
        <test-method status="SKIP" signature="P2M_Tran()[pri:80, instance:com.ril.feedzai.testScript.BeneficiaryPan_ValidationPageTest@bca1e0]" name="P2M_Tran" duration-ms="37274" started-at="2018-09-19T09:43:12Z" description="Validate Pan and beneficiary details in Alert Manager for P2M transaction" finished-at="2018-09-19T09:43:49Z">
          <exception class="org.openqa.selenium.WebDriverException">
            <message>
              <![CDATA[unknown error: Element <i class="glyphicon glyphicon-cog"></i> is not clickable at point (982, 218). Other element would receive the click: <div id="select2-drop-mask" class="select2-drop-mask" style="display: block;"></div>
  (Session info: chrome=69.0.3497.100)
  (Driver info: chromedriver=2.38.552522 (437e6fbedfa8762dec75e2c5b3ddb86763dc9dcb),platform=Windows NT 6.1.7601 SP1 x86_64) (WARNING: The server did not provide any stacktrace information)
Command duration or timeout: 0 milliseconds
Build info: version: '3.8.1', revision: '6e95a6684b', time: '2017-12-01T18:33:54.468Z'
System info: host: 'LT0021232', ip: '10.51.174.49', os.name: 'Windows 7', os.arch: 'x86', os.version: '6.1', java.version: '1.8.0_60'
Driver info: org.openqa.selenium.chrome.ChromeDriver
Capabilities {acceptInsecureCerts: false, acceptSslCerts: false, applicationCacheEnabled: false, browserConnectionEnabled: false, browserName: chrome, chrome: {chromedriverVersion: 2.38.552522 (437e6fbedfa876..., userDataDir: C:\Users\ANKUR~1.JAI\AppDat...}, cssSelectorsEnabled: true, databaseEnabled: false, handlesAlerts: true, hasTouchScreen: false, javascriptEnabled: true, locationContextEnabled: true, mobileEmulationEnabled: false, nativeEvents: true, networkConnectionEnabled: false, pageLoadStrategy: normal, platform: XP, platformName: XP, rotatable: false, setWindowRect: true, takesHeapSnapshot: true, takesScreenshot: true, unexpectedAlertBehaviour: , unhandledPromptBehavior: , version: 69.0.3497.100, webStorageEnabled: true}
Session ID: c981136c42f11aec577f454296f3b199]]>
            </message>
            <full-stacktrace>
              <![CDATA[org.openqa.selenium.WebDriverException: unknown error: Element <i class="glyphicon glyphicon-cog"></i> is not clickable at point (982, 218). Other element would receive the click: <div id="select2-drop-mask" class="select2-drop-mask" style="display: block;"></div>
  (Session info: chrome=69.0.3497.100)
  (Driver info: chromedriver=2.38.552522 (437e6fbedfa8762dec75e2c5b3ddb86763dc9dcb),platform=Windows NT 6.1.7601 SP1 x86_64) (WARNING: The server did not provide any stacktrace information)
Command duration or timeout: 0 milliseconds
Build info: version: '3.8.1', revision: '6e95a6684b', time: '2017-12-01T18:33:54.468Z'
System info: host: 'LT0021232', ip: '10.51.174.49', os.name: 'Windows 7', os.arch: 'x86', os.version: '6.1', java.version: '1.8.0_60'
Driver info: org.openqa.selenium.chrome.ChromeDriver
Capabilities {acceptInsecureCerts: false, acceptSslCerts: false, applicationCacheEnabled: false, browserConnectionEnabled: false, browserName: chrome, chrome: {chromedriverVersion: 2.38.552522 (437e6fbedfa876..., userDataDir: C:\Users\ANKUR~1.JAI\AppDat...}, cssSelectorsEnabled: true, databaseEnabled: false, handlesAlerts: true, hasTouchScreen: false, javascriptEnabled: true, locationContextEnabled: true, mobileEmulationEnabled: false, nativeEvents: true, networkConnectionEnabled: false, pageLoadStrategy: normal, platform: XP, platformName: XP, rotatable: false, setWindowRect: true, takesHeapSnapshot: true, takesScreenshot: true, unexpectedAlertBehaviour: , unhandledPromptBehavior: , version: 69.0.3497.100, webStorageEnabled: true}
Session ID: c981136c42f11aec577f454296f3b199
at sun.reflect.NativeConstructorAccessorImpl.newInstance0(Native Method)
at sun.reflect.NativeConstructorAccessorImpl.newInstance(NativeConstructorAccessorImpl.java:62)
at sun.reflect.DelegatingConstructorAccessorImpl.newInstance(DelegatingConstructorAccessorImpl.java:45)
at java.lang.reflect.Constructor.newInstance(Constructor.java:422)
at org.openqa.selenium.remote.ErrorHandler.createThrowable(ErrorHandler.java:214)
at org.openqa.selenium.remote.ErrorHandler.throwIfResponseFailed(ErrorHandler.java:166)
at org.openqa.selenium.remote.http.JsonHttpResponseCodec.reconstructValue(JsonHttpResponseCodec.java:40)
at org.openqa.selenium.remote.http.AbstractHttpResponseCodec.decode(AbstractHttpResponseCodec.java:80)
at org.openqa.selenium.remote.http.AbstractHttpResponseCodec.decode(AbstractHttpResponseCodec.java:44)
at org.openqa.selenium.remote.HttpCommandExecutor.execute(HttpCommandExecutor.java:164)
at org.openqa.selenium.remote.service.DriverCommandExecutor.execute(DriverCommandExecutor.java:83)
at org.openqa.selenium.remote.RemoteWebDriver.execute(RemoteWebDriver.java:601)
at org.openqa.selenium.remote.RemoteWebElement.execute(RemoteWebElement.java:279)
at org.openqa.selenium.remote.RemoteWebElement.click(RemoteWebElement.java:83)
at sun.reflect.GeneratedMethodAccessor8.invoke(Unknown Source)
at sun.reflect.DelegatingMethodAccessorImpl.invoke(DelegatingMethodAccessorImpl.java:43)
at java.lang.reflect.Method.invoke(Method.java:497)
at org.openqa.selenium.support.events.EventFiringWebDriver$EventFiringWebElement.lambda$new$0(EventFiringWebDriver.java:371)
at com.sun.proxy.$Proxy14.click(Unknown Source)
at org.openqa.selenium.support.events.EventFiringWebDriver$EventFiringWebElement.click(EventFiringWebDriver.java:383)
at sun.reflect.GeneratedMethodAccessor8.invoke(Unknown Source)
at sun.reflect.DelegatingMethodAccessorImpl.invoke(DelegatingMethodAccessorImpl.java:43)
at java.lang.reflect.Method.invoke(Method.java:497)
at org.openqa.selenium.support.pagefactory.internal.LocatingElementHandler.invoke(LocatingElementHandler.java:51)
at com.sun.proxy.$Proxy13.click(Unknown Source)
at com.ril.Feedzai.Page.BeneficiaryPan_ValidationPage.P2M_Tran_Data(BeneficiaryPan_ValidationPage.java:66)
at com.ril.feedzai.testScript.BeneficiaryPan_ValidationPageTest.P2M_Tran(BeneficiaryPan_ValidationPageTest.java:32)
at sun.reflect.NativeMethodAccessorImpl.invoke0(Native Method)
at sun.reflect.NativeMethodAccessorImpl.invoke(NativeMethodAccessorImpl.java:62)
at sun.reflect.DelegatingMethodAccessorImpl.invoke(DelegatingMethodAccessorImpl.java:43)
at java.lang.reflect.Method.invoke(Method.java:497)
at org.testng.internal.MethodInvocationHelper.invokeMethod(MethodInvocationHelper.java:124)
at org.testng.internal.Invoker.invokeMethod(Invoker.java:580)
[...]
at sun.reflect.NativeMethodAccessorImpl.invoke0(Native Method)
at sun.reflect.NativeMethodAccessorImpl.invoke(NativeMethodAccessorImpl.java:62)
at sun.reflect.DelegatingMethodAccessorImpl.invoke(DelegatingMethodAccessorImpl.java:43)
at java.lang.reflect.Method.invoke(Method.java:497)
at org.testng.internal.MethodInvocationHelper.invokeMethod(MethodInvocationHelper.java:124)
at org.testng.internal.MethodInvocationHelper.invokeMethodConsideringTimeout(MethodInvocationHelper.java:59)
at org.testng.internal.Invoker.invokeConfigurationMethod(Invoker.java:455)
at org.testng.internal.Invoker.invokeConfigurations(Invoker.java:222)
at org.testng.internal.Invoker.invokeConfigurations(Invoker.java:142)
at org.testng.internal.TestMethodWorker.invokeBeforeClassMethods(TestMethodWorker.java:168)
at org.testng.internal.TestMethodWorker.run(TestMethodWorker.java:105)
at org.testng.TestRunner.privateRun(TestRunner.java:648)
at org.testng.TestRunner.run(TestRunner.java:505)
at org.testng.SuiteRunner.runTest(SuiteRunner.java:455)
at org.testng.SuiteRunner.runSequentially(SuiteRunner.java:450)
at org.testng.SuiteRunner.privateRun(SuiteRunner.java:415)
at org.testng.SuiteRunner.run(SuiteRunner.java:364)
at org.testng.SuiteRunnerWorker.runSuite(SuiteRunnerWorker.java:52)
at org.testng.SuiteRunnerWorker.run(SuiteRunnerWorker.java:84)
at org.testng.TestNG.runSuitesSequentially(TestNG.java:1208)
at org.testng.TestNG.runSuitesLocally(TestNG.java:1137)
at org.testng.TestNG.runSuites(TestNG.java:1049)
at org.testng.TestNG.run(TestNG.java:1017)
at org.apache.maven.surefire.testng.TestNGExecutor.run(TestNGExecutor.java:283)
at org.apache.maven.surefire.testng.TestNGXmlTestSuite.execute(TestNGXmlTestSuite.java:75)
at org.apache.maven.surefire.testng.TestNGProvider.invoke(TestNGProvider.java:120)
at org.apache.maven.surefire.booter.ForkedBooter.invokeProviderInSameClassLoader(ForkedBooter.java:379)
at org.apache.maven.surefire.booter.ForkedBooter.runSuitesInProcess(ForkedBooter.java:340)
at org.apache.maven.surefire.booter.ForkedBooter.execute(ForkedBooter.java:125)
at org.apache.maven.surefire.booter.ForkedBooter.main(ForkedBooter.java:413)
]]>
            </full-stacktrace>
          </exception> <!-- org.openqa.selenium.WebDriverException -->
          <reporter-output>
          </reporter-output>
        </test-method> <!-- Logout -->
      </class> <!-- com.ril.feedzai.testScript.FeedzaiPulseHomePageTest -->
      <class name="com.ril.feedzai.testScript.JBP_AdvanceSearchPageTest">
        <test-method status="PASS" signature="JBP_AdvanceSearch()[pri:0, instance:com.ril.feedzai.testScript.JBP_AdvanceSearchPageTest@c273d3]" name="JBP_AdvanceSearch" is-config="true" duration-ms="5425" started-at="2018-09-19T09:35:20Z" finished-at="2018-09-19T09:35:26Z">
          <reporter-output>
          </reporter-output>
        </test-method> <!-- JBP_AdvanceSearch -->
        <test-method status="PASS" signature="JBPAdvanceSearch()[pri:0, instance:com.ril.feedzai.testScript.JBP_AdvanceSearchPageTest@c273d3]" name="JBPAdvanceSearch" is-config="true" duration-ms="6117" started-at="2018-09-19T09:35:26Z" description="JPB Advanced Search " finished-at="2018-09-19T09:35:32Z">
          <reporter-output>
          </reporter-output>
        </test-method> <!-- JBPAdvanceSearch -->
        <test-method status="PASS" signature="JBPSender_pan()[pri:53, instance:com.ril.feedzai.testScript.JBP_AdvanceSearchPageTest@c273d3]" name="JBPSender_pan" duration-ms="13624" started-at="2018-09-19T09:35:32Z" description="JPB Advanced Search Sender PAN" finished-at="2018-09-19T09:35:46Z">
          <reporter-output>
          </reporter-output>
        </test-method> <!-- JBPSender_pan -->
        <test-method status="PASS" signature="getResult(org.testng.ITestResult)[pri:0, instance:com.ril.feedzai.testScript.JBP_AdvanceSearchPageTest@c273d3]" name="getResult" is-config="true" duration-ms="7" started-at="2018-09-19T09:35:46Z" finished-at="2018-09-19T09:35:46Z">
          <params>
            <param index="0">
              <value>
                <![CDATA[[TestResult name=JBPSender_pan status=SUCCESS method=JBP_AdvanceSearchPageTest.JBPSender_pan()[pri:53, instance:com.ril.feedzai.testScript.JBP_AdvanceSearchPageTest@c273d3] output={null}]]]>
              </value>
            </param>
          </params>
          <reporter-output>
          </reporter-output>
        </test-method> <!-- getResult -->
        <test-method status="PASS" signature="JBPAdvanceSearch()[pri:0, instance:com.ril.feedzai.testScript.JBP_AdvanceSearchPageTest@c273d3]" name="JBPAdvanceSearch" is-config="true" duration-ms="24383" started-at="2018-09-19T09:35:46Z" description="JPB Advanced Search " finished-at="2018-09-19T09:36:10Z">
          <reporter-output>
          </reporter-output>
        </test-method> <!-- JBPAdvanceSearch -->
        <test-method status="PASS" signature="Beneficiary_pan()[pri:54, instance:com.ril.feedzai.testScript.JBP_AdvanceSearchPageTest@c273d3]" name="Beneficiary_pan" duration-ms="12429" started-at="2018-09-19T09:36:10Z" description="JPB Advanced Search Beneficiary PAN" finished-at="2018-09-19T09:36:22Z">
          <reporter-output>
          </reporter-output>
        </test-method> <!-- Beneficiary_pan -->
        <test-method status="PASS" signature="getResult(org.testng.ITestResult)[pri:0, instance:com.ril.feedzai.testScript.JBP_AdvanceSearchPageTest@c273d3]" name="getResult" is-config="true" duration-ms="0" started-at="2018-09-19T09:36:22Z" finished-at="2018-09-19T09:36:22Z">
          <params>
            <param index="0">
              <value>
                <![CDATA[[TestResult name=Beneficiary_pan status=SUCCESS method=JBP_AdvanceSearchPageTest.Beneficiary_pan()[pri:54, instance:com.ril.feedzai.testScript.JBP_AdvanceSearchPageTest@c273d3] output={null}]]]>
              </value>
            </param>
          </params>
          <reporter-output>
          </reporter-output>
        </test-method> <!-- getResult -->
        <test-method status="PASS" signature="JBPAdvanceSearch()[pri:0, instance:com.ril.feedzai.testScript.JBP_AdvanceSearchPageTest@c273d3]" name="JBPAdvanceSearch" is-config="true" duration-ms="24305" started-at="2018-09-19T09:36:22Z" description="JPB Advanced Search " finished-at="2018-09-19T09:36:47Z">
          <reporter-output>
          </reporter-output>
        </test-method> <!-- JBPAdvanceSearch -->
        <test-method status="PASS" signature="Sender_MMID()[pri:55, instance:com.ril.feedzai.testScript.JBP_AdvanceSearchPageTest@c273d3]" name="Sender_MMID" duration-ms="18009" started-at="2018-09-19T09:36:47Z" description="JPB Advanced Search Sender MMID " finished-at="2018-09-19T09:37:05Z">
          <reporter-output>
          </reporter-output>
        </test-method> <!-- Sender_MMID -->
        <test-method status="PASS" signature="getResult(org.testng.ITestResult)[pri:0, instance:com.ril.feedzai.testScript.JBP_AdvanceSearchPageTest@c273d3]" name="getResult" is-config="true" duration-ms="8" started-at="2018-09-19T09:37:05Z" finished-at="2018-09-19T09:37:05Z">
          <params>
            <param index="0">
              <value>
                <![CDATA[[TestResult name=Sender_MMID status=SUCCESS method=JBP_AdvanceSearchPageTest.Sender_MMID()[pri:55, instance:com.ril.feedzai.testScript.JBP_AdvanceSearchPageTest@c273d3] output={null}]]]>
              </value>
            </param>
          </params>
          <reporter-output>
          </reporter-output>
        </test-method> <!-- getResult -->
        <test-method status="PASS" signature="JBPAdvanceSearch()[pri:0, instance:com.ril.feedzai.testScript.JBP_AdvanceSearchPageTest@c273d3]" name="JBPAdvanceSearch" is-config="true" duration-ms="18182" started-at="2018-09-19T09:37:05Z" description="JPB Advanced Search " finished-at="2018-09-19T09:37:23Z">
          <reporter-output>
          </reporter-output>
        </test-method> <!-- JBPAdvanceSearch -->
        <test-method status="PASS" signature="Beneficiary_MMID()[pri:56, instance:com.ril.feedzai.testScript.JBP_AdvanceSearchPageTest@c273d3]" name="Beneficiary_MMID" duration-ms="13329" started-at="2018-09-19T09:37:23Z" description="JPB Advanced Search Beneficiary MMID " finished-at="2018-09-19T09:37:36Z">
          <reporter-output>
          </reporter-output>
        </test-method> <!-- Beneficiary_MMID -->
        <test-method status="PASS" signature="getResult(org.testng.ITestResult)[pri:0, instance:com.ril.feedzai.testScript.JBP_AdvanceSearchPageTest@c273d3]" name="getResult" is-config="true" duration-ms="5" started-at="2018-09-19T09:37:36Z" finished-at="2018-09-19T09:37:36Z">
          <params>
            <param index="0">
              <value>
                <![CDATA[[TestResult name=Beneficiary_MMID status=SUCCESS method=JBP_AdvanceSearchPageTest.Beneficiary_MMID()[pri:56, instance:com.ril.feedzai.testScript.JBP_AdvanceSearchPageTest@c273d3] output={null}]]]>
              </value>
            </param>
          </params>
          <reporter-output>
          </reporter-output>
        </test-method> <!-- getResult -->
        <test-method status="PASS" signature="Alert()[pri:0, instance:com.ril.feedzai.testScript.JBP_AdvanceSearchPageTest@c273d3]" name="Alert" is-config="true" duration-ms="195" started-at="2018-09-19T09:37:36Z" finished-at="2018-09-19T09:37:36Z">
          <reporter-output>
          </reporter-output>
        </test-method> <!-- Alert -->
      </class> <!-- com.ril.feedzai.testScript.JBP_AdvanceSearchPageTest -->
      <class name="com.ril.feedzai.testScript.MerchantPageTest">
        <test-method status="PASS" signature="MerchantTab()[pri:0, instance:com.ril.feedzai.testScript.MerchantPageTest@a86356]" name="MerchantTab" is-config="true" duration-ms="2852" started-at="2018-09-19T09:22:12Z" finished-at="2018-09-19T09:22:15Z">
          <reporter-output>
          </reporter-output>
        </test-method> <!-- MerchantTab -->
        <test-method status="PASS" signature="MerchantDeatilsMno()[pri:27, instance:com.ril.feedzai.testScript.MerchantPageTest@a86356]" name="MerchantDeatilsMno" duration-ms="25405" started-at="2018-09-19T09:22:15Z" description="ENTER MERCHANT MOBILE Number" finished-at="2018-09-19T09:22:41Z">
          <reporter-output>
          </reporter-output>
        </test-method> <!-- MerchantDeatilsMno -->
        <test-method status="PASS" signature="getResult(org.testng.ITestResult)[pri:0, instance:com.ril.feedzai.testScript.MerchantPageTest@a86356]" name="getResult" is-config="true" duration-ms="0" started-at="2018-09-19T09:22:41Z" finished-at="2018-09-19T09:22:41Z">
          <params>
            <param index="0">
              <value>
                <![CDATA[[TestResult name=MerchantDeatilsMno status=SUCCESS method=MerchantPageTest.MerchantDeatilsMno()[pri:27, instance:com.ril.feedzai.testScript.MerchantPageTest@a86356] output={null}]]]>
              </value>
            </param>
          </params>
          <reporter-output>
          </reporter-output>
        </test-method> <!-- getResult -->
        <test-method status="PASS" signature="MerchantDeatilsID()[pri:28, instance:com.ril.feedzai.testScript.MerchantPageTest@a86356]" name="MerchantDeatilsID" duration-ms="15984" started-at="2018-09-19T09:22:41Z" description="ENTER MERCHANT MOBILE ID" finished-at="2018-09-19T09:22:57Z">
          <reporter-output>
          </reporter-output>
        </test-method> <!-- MerchantDeatilsID -->
        <test-method status="PASS" signature="Alert()[pri:0, instance:com.ril.feedzai.testScript.MerchantPageTest@a86356]" name="Alert" is-config="true" duration-ms="78" started-at="2018-09-19T09:22:57Z" finished-at="2018-09-19T09:22:57Z">
          <reporter-output>
          </reporter-output>
        </test-method> <!-- Alert -->
        <test-method status="PASS" signature="getResult(org.testng.ITestResult)[pri:0, instance:com.ril.feedzai.testScript.MerchantPageTest@a86356]" name="getResult" is-config="true" duration-ms="0" started-at="2018-09-19T09:22:57Z" finished-at="2018-09-19T09:22:57Z">
          <params>
            <param index="0">
              <value>
                <![CDATA[[TestResult name=MerchantDeatilsID status=SUCCESS method=MerchantPageTest.MerchantDeatilsID()[pri:28, instance:com.ril.feedzai.testScript.MerchantPageTest@a86356] output={null}]]]>
              </value>
            </param>
          </params>
          <reporter-output>
          </reporter-output>
        </test-method> <!-- getResult -->
      </class> <!-- com.ril.feedzai.testScript.MerchantPageTest -->
      <class name="com.ril.feedzai.testScript.SettingsPageTest">
        <test-method status="PASS" signature="Setting()[pri:0, instance:com.ril.feedzai.testScript.SettingsPageTest@c03f1f]" name="Setting" is-config="true" duration-ms="31" started-at="2018-09-19T09:23:24Z" finished-at="2018-09-19T09:23:24Z">
          <reporter-output>
          </reporter-output>
        </test-method> <!-- Setting -->
        <test-method status="PASS" signature="SettingTab()[pri:32, instance:com.ril.feedzai.testScript.SettingsPageTest@c03f1f]" name="SettingTab" duration-ms="28645" started-at="2018-09-19T09:23:24Z" description="Verify Alert IN Queue_SETTINGS" finished-at="2018-09-19T09:23:53Z">
          <reporter-output>
          </reporter-output>
        </test-method> <!-- SettingTab -->
        <test-method status="PASS" signature="getResult(org.testng.ITestResult)[pri:0, instance:com.ril.feedzai.testScript.SettingsPageTest@c03f1f]" name="getResult" is-config="true" duration-ms="0" started-at="2018-09-19T09:23:53Z" finished-at="2018-09-19T09:23:53Z">
          <params>
            <param index="0">
              <value>
                <![CDATA[[TestResult name=SettingTab status=SUCCESS method=SettingsPageTest.SettingTab()[pri:32, instance:com.ril.feedzai.testScript.SettingsPageTest@c03f1f] output={null}]]]>
              </value>
            </param>
          </params>
          <reporter-output>
          </reporter-output>
        </test-method> <!-- getResult -->
        <test-method status="PASS" signature="Alert()[pri:0, instance:com.ril.feedzai.testScript.SettingsPageTest@c03f1f]" name="Alert" is-config="true" duration-ms="359" started-at="2018-09-19T09:23:53Z" finished-at="2018-09-19T09:23:53Z">
          <reporter-output>
          </reporter-output>
        </test-method> <!-- Alert -->
      </class> <!-- com.ril.feedzai.testScript.SettingsPageTest -->
      <class name="com.ril.feedzai.testScript.P2M_TranDetailsPageTest">
        <test-method status="PASS" signature="P2M()[pri:0, instance:com.ril.feedzai.testScript.P2M_TranDetailsPageTest@32be31]" name="P2M" is-config="true" duration-ms="109" started-at="2018-09-19T09:42:25Z" finished-at="2018-09-19T09:42:25Z">
          <reporter-output>
          </reporter-output>
        </test-method> <!-- P2M -->
        <test-method status="PASS" signature="P2M_Tran()[pri:75, instance:com.ril.feedzai.testScript.P2M_TranDetailsPageTest@32be31]" name="P2M_Tran" duration-ms="32097" started-at="2018-09-19T09:42:25Z" description="Validate P2M transaction details in Alert Manager" finished-at="2018-09-19T09:42:58Z">
          <reporter-output>
          </reporter-output>
        </test-method> <!-- P2M_Tran -->
        <test-method status="PASS" signature="getResult(org.testng.ITestResult)[pri:0, instance:com.ril.feedzai.testScript.P2M_TranDetailsPageTest@32be31]" name="getResult" is-config="true" duration-ms="0" started-at="2018-09-19T09:42:58Z" finished-at="2018-09-19T09:42:58Z">
          <params>
            <param index="0">
              <value>
                <![CDATA[[TestResult name=P2M_Tran status=SUCCESS method=P2M_TranDetailsPageTest.P2M_Tran()[pri:75, instance:com.ril.feedzai.testScript.P2M_TranDetailsPageTest@32be31] output={null}]]]>
              </value>
            </param>
          </params>
          <reporter-output>
          </reporter-output>
        </test-method> <!-- getResult -->
        <test-method status="PASS" signature="Customer_Data()[pri:76, instance:com.ril.feedzai.testScript.P2M_TranDetailsPageTest@32be31]" name="Customer_Data" duration-ms="6263" started-at="2018-09-19T09:42:58Z" description="Validate customer id &amp; Mobile number in P2M transaction " finished-at="2018-09-19T09:43:04Z">
          <reporter-output>
          </reporter-output>
        </test-method> <!-- Customer_Data -->
        <test-method status="PASS" signature="Cust_app_id()[pri:77, instance:com.ril.feedzai.testScript.P2M_TranDetailsPageTest@32be31]" name="Cust_app_id" duration-ms="2220" started-at="2018-09-19T09:43:04Z" description="Validate customer app id in P2M transaction" finished-at="2018-09-19T09:43:06Z">
          <reporter-output>
          </reporter-output>
        </test-method> <!-- Cust_app_id -->
        <test-method status="PASS" signature="getResult(org.testng.ITestResult)[pri:0, instance:com.ril.feedzai.testScript.P2M_TranDetailsPageTest@32be31]" name="getResult" is-config="true" duration-ms="0" started-at="2018-09-19T09:43:04Z" finished-at="2018-09-19T09:43:04Z">
          <params>
            <param index="0">
              <value>
                <![CDATA[[TestResult name=Customer_Data status=SUCCESS method=P2M_TranDetailsPageTest.Customer_Data()[pri:76, instance:com.ril.feedzai.testScript.P2M_TranDetailsPageTest@32be31] output={null}]]]>
              </value>
            </param>
          </params>
          <reporter-output>
          </reporter-output>
        </test-method> <!-- getResult -->
        <test-method status="PASS" signature="getResult(org.testng.ITestResult)[pri:0, instance:com.ril.feedzai.testScript.P2M_TranDetailsPageTest@32be31]" name="getResult" is-config="true" duration-ms="0" started-at="2018-09-19T09:43:06Z" finished-at="2018-09-19T09:43:06Z">
          <params>
            <param index="0">
              <value>
                <![CDATA[[TestResult name=Cust_app_id status=SUCCESS method=P2M_TranDetailsPageTest.Cust_app_id()[pri:77, instance:com.ril.feedzai.testScript.P2M_TranDetailsPageTest@32be31] output={null}]]]>
              </value>
            </param>
          </params>
          <reporter-output>
          </reporter-output>
        </test-method> <!-- getResult -->
        <test-method status="PASS" signature="P2M_merchant_app_id()[pri:79, instance:com.ril.feedzai.testScript.P2M_TranDetailsPageTest@32be31]" name="P2M_merchant_app_id" duration-ms="2595" started-at="2018-09-19T09:43:06Z" description="Validate Merchant app id in P2M transaction" finished-at="2018-09-19T09:43:09Z">
          <reporter-output>
          </reporter-output>
        </test-method> <!-- P2M_merchant_app_id -->
        <test-method status="PASS" signature="getResult(org.testng.ITestResult)[pri:0, instance:com.ril.feedzai.testScript.P2M_TranDetailsPageTest@32be31]" name="getResult" is-config="true" duration-ms="0" started-at="2018-09-19T09:43:09Z" finished-at="2018-09-19T09:43:09Z">
          <params>
            <param index="0">
              <value>
                <![CDATA[[TestResult name=P2M_merchant_app_id status=SUCCESS method=P2M_TranDetailsPageTest.P2M_merchant_app_id()[pri:79, instance:com.ril.feedzai.testScript.P2M_TranDetailsPageTest@32be31] output={null}]]]>
              </value>
            </param>
          </params>
          <reporter-output>
          </reporter-output>
        </test-method> <!-- getResult -->
        <test-method status="PASS" signature="Alertp()[pri:0, instance:com.ril.feedzai.testScript.P2M_TranDetailsPageTest@32be31]" name="Alertp" is-config="true" duration-ms="3135" started-at="2018-09-19T09:43:09Z" finished-at="2018-09-19T09:43:12Z">
          <reporter-output>
          </reporter-output>
        </test-method> <!-- Alertp -->
      </class> <!-- com.ril.feedzai.testScript.P2M_TranDetailsPageTest -->
    </test> <!-- Feedzai Automation1 -->
  </suite> <!-- suite 1 -->
</testng-results>
